TN:
SF:website/common/index.js
FNF:0
FNH:0
DA:4,1
DA:5,0
DA:7,1
DA:10,1
LF:4
LH:3
BRDA:4,0,0,0
BRDA:4,0,1,1
BRF:2
BRH:1
end_of_record
TN:
SF:website/common/script/constants.js
FNF:0
FNH:0
DA:1,1
DA:2,1
DA:3,1
DA:4,1
DA:5,1
DA:6,1
DA:7,1
DA:9,1
DA:10,1
DA:11,1
DA:12,1
DA:13,1
DA:14,1
DA:16,1
DA:18,1
DA:19,1
DA:21,1
DA:24,1
DA:29,1
DA:31,1
DA:33,1
DA:34,1
DA:36,1
LF:23
LH:23
BRF:0
BRH:0
end_of_record
TN:
SF:website/common/script/count.js
FN:6,_interopRequireDefault
FN:10,beastMasterProgress
FN:13,(anonymous_2)
FN:20,beastCount
FN:23,(anonymous_4)
FN:30,dropPetsCurrentlyOwned
FN:33,(anonymous_6)
FN:40,mountMasterProgress
FN:43,(anonymous_8)
FN:50,remainingGearInSet
FN:51,(anonymous_10)
FN:65,questsOfCategory
FN:66,(anonymous_12)
FNF:13
FNH:1
FNDA:6,_interopRequireDefault
FNDA:0,beastMasterProgress
FNDA:0,(anonymous_2)
FNDA:0,beastCount
FNDA:0,(anonymous_4)
FNDA:0,dropPetsCurrentlyOwned
FNDA:0,(anonymous_6)
FNDA:0,mountMasterProgress
FNDA:0,(anonymous_8)
FNDA:0,remainingGearInSet
FNDA:0,(anonymous_10)
FNDA:0,questsOfCategory
FNDA:0,(anonymous_12)
DA:1,1
DA:2,1
DA:3,1
DA:4,1
DA:5,1
DA:6,6
DA:8,1
DA:11,0
DA:13,0
DA:14,0
DA:17,0
DA:21,0
DA:23,0
DA:24,0
DA:27,0
DA:31,0
DA:33,0
DA:34,0
DA:37,0
DA:41,0
DA:43,0
DA:44,0
DA:47,0
DA:51,0
DA:52,0
DA:53,0
DA:54,0
DA:55,0
DA:57,0
DA:60,0
DA:62,0
DA:66,0
DA:67,0
DA:68,0
DA:70,0
DA:73,0
DA:75,0
LF:37
LH:7
BRDA:6,0,0,7
BRDA:6,0,1,11
BRDA:10,1,0,0
BRDA:14,2,0,0
BRDA:14,2,1,0
BRDA:14,3,0,0
BRDA:14,3,1,0
BRDA:20,4,0,0
BRDA:24,5,0,0
BRDA:24,5,1,0
BRDA:30,6,0,0
BRDA:34,7,0,0
BRDA:34,7,1,0
BRDA:40,8,0,0
BRDA:44,9,0,0
BRDA:44,9,1,0
BRDA:50,10,0,0
BRDA:54,11,0,0
BRDA:54,11,1,0
BRDA:55,12,0,0
BRDA:55,12,1,0
BRDA:55,12,2,0
BRDA:57,13,0,0
BRDA:57,13,1,0
BRDA:65,14,0,0
BRDA:70,15,0,0
BRDA:70,15,1,0
BRF:27
BRH:2
end_of_record
TN:
SF:website/common/script/cron.js
FN:11,_interopRequireDefault
FN:33,sanitizeOptions
FN:64,startOfWeek
FN:84,startOfDay
FN:99,daysSince
FN:112,shouldDo
FN:171,(anonymous_6)
FN:255,getPlanMonths
FN:275,getPlanContext
FNF:9
FNH:1
FNDA:4,_interopRequireDefault
FNDA:0,sanitizeOptions
FNDA:0,startOfWeek
FNDA:0,startOfDay
FNDA:0,daysSince
FNDA:0,shouldDo
FNDA:0,(anonymous_6)
FNDA:0,getPlanMonths
FNDA:0,getPlanContext
DA:7,1
DA:8,1
DA:9,1
DA:10,1
DA:11,4
DA:13,1
DA:23,1
DA:34,0
DA:35,0
DA:38,0
DA:40,0
DA:42,0
DA:43,0
DA:44,0
DA:45,0
DA:46,0
DA:48,0
DA:50,0
DA:52,0
DA:55,0
DA:57,0
DA:65,0
DA:67,0
DA:85,0
DA:86,0
DA:88,0
DA:89,0
DA:92,0
DA:100,0
DA:101,0
DA:102,0
DA:104,0
DA:113,0
DA:114,0
DA:116,0
DA:117,0
DA:126,0
DA:128,0
DA:129,0
DA:132,0
DA:133,0
DA:134,0
DA:135,0
DA:136,0
DA:140,0
DA:141,0
DA:142,0
DA:145,0
DA:146,0
DA:147,0
DA:148,0
DA:149,0
DA:151,0
DA:154,0
DA:155,0
DA:156,0
DA:158,0
DA:159,0
DA:161,0
DA:162,0
DA:163,0
DA:164,0
DA:165,0
DA:166,0
DA:167,0
DA:168,0
DA:171,0
DA:172,0
DA:173,0
DA:174,0
DA:176,0
DA:179,0
DA:180,0
DA:181,0
DA:185,0
DA:188,0
DA:190,0
DA:191,0
DA:192,0
DA:195,0
DA:196,0
DA:197,0
DA:198,0
DA:199,0
DA:200,0
DA:202,0
DA:203,0
DA:206,0
DA:207,0
DA:208,0
DA:209,0
DA:211,0
DA:213,0
DA:217,0
DA:219,0
DA:222,0
DA:223,0
DA:224,0
DA:225,0
DA:226,0
DA:227,0
DA:228,0
DA:229,0
DA:231,0
DA:235,0
DA:236,0
DA:237,0
DA:239,0
DA:241,0
DA:242,0
DA:243,0
DA:244,0
DA:245,0
DA:247,0
DA:250,0
DA:252,0
DA:259,0
DA:260,0
DA:261,0
DA:262,0
DA:264,0
DA:267,0
DA:276,0
DA:278,0
DA:282,0
DA:284,0
DA:287,0
DA:288,0
DA:290,0
DA:292,0
DA:293,0
DA:295,0
DA:298,0
DA:301,0
LF:134
LH:7
BRDA:11,0,0,5
BRDA:11,0,1,7
BRDA:34,1,0,0
BRDA:34,1,1,0
BRDA:35,2,0,0
BRDA:35,2,1,0
BRDA:35,3,0,0
BRDA:35,3,1,0
BRDA:35,3,2,0
BRDA:40,4,0,0
BRDA:40,4,1,0
BRDA:43,5,0,0
BRDA:43,5,1,0
BRDA:45,6,0,0
BRDA:45,6,1,0
BRDA:50,7,0,0
BRDA:50,7,1,0
BRDA:50,8,0,0
BRDA:50,8,1,0
BRDA:64,9,0,0
BRDA:84,10,0,0
BRDA:88,11,0,0
BRDA:88,11,1,0
BRDA:99,12,0,0
BRDA:112,13,0,0
BRDA:113,14,0,0
BRDA:113,14,1,0
BRDA:113,15,0,0
BRDA:113,15,1,0
BRDA:113,15,2,0
BRDA:113,15,3,0
BRDA:128,16,0,0
BRDA:128,16,1,0
BRDA:128,17,0,0
BRDA:128,17,1,0
BRDA:133,18,0,0
BRDA:133,18,1,0
BRDA:135,19,0,0
BRDA:135,19,1,0
BRDA:136,20,0,0
BRDA:136,20,1,0
BRDA:140,21,0,0
BRDA:140,21,1,0
BRDA:141,22,0,0
BRDA:141,22,1,0
BRDA:145,23,0,0
BRDA:145,23,1,0
BRDA:149,24,0,0
BRDA:149,24,1,0
BRDA:155,25,0,0
BRDA:155,25,1,0
BRDA:161,26,0,0
BRDA:161,26,1,0
BRDA:163,27,0,0
BRDA:163,27,1,0
BRDA:166,28,0,0
BRDA:166,28,1,0
BRDA:168,29,0,0
BRDA:168,29,1,0
BRDA:172,30,0,0
BRDA:172,30,1,0
BRDA:173,31,0,0
BRDA:173,31,1,0
BRDA:179,32,0,0
BRDA:179,32,1,0
BRDA:180,33,0,0
BRDA:180,33,1,0
BRDA:190,34,0,0
BRDA:190,34,1,0
BRDA:190,35,0,0
BRDA:190,35,1,0
BRDA:191,36,0,0
BRDA:191,36,1,0
BRDA:195,37,0,0
BRDA:195,37,1,0
BRDA:206,38,0,0
BRDA:206,38,1,0
BRDA:207,39,0,0
BRDA:207,39,1,0
BRDA:208,40,0,0
BRDA:208,40,1,0
BRDA:209,41,0,0
BRDA:209,41,1,0
BRDA:213,42,0,0
BRDA:213,42,1,0
BRDA:214,43,0,0
BRDA:214,43,1,0
BRDA:214,43,2,0
BRDA:222,44,0,0
BRDA:222,44,1,0
BRDA:223,45,0,0
BRDA:223,45,1,0
BRDA:223,46,0,0
BRDA:223,46,1,0
BRDA:225,47,0,0
BRDA:225,47,1,0
BRDA:229,48,0,0
BRDA:229,48,1,0
BRDA:235,49,0,0
BRDA:235,49,1,0
BRDA:236,50,0,0
BRDA:236,50,1,0
BRDA:241,51,0,0
BRDA:241,51,1,0
BRDA:245,52,0,0
BRDA:245,52,1,0
BRDA:259,53,0,0
BRDA:259,53,1,0
BRDA:262,54,0,0
BRDA:262,54,1,0
BRDA:262,55,0,0
BRDA:262,55,1,0
BRDA:284,56,0,0
BRDA:284,56,1,0
BRDA:290,57,0,0
BRDA:290,57,1,0
BRDA:292,58,0,0
BRDA:292,58,1,0
BRF:118
BRH:2
end_of_record
TN:
SF:website/common/script/i18n.js
FN:3,_interopRequireDefault
FN:11,t
FNF:2
FNH:2
FNDA:3,_interopRequireDefault
FNDA:4,t
DA:1,1
DA:2,1
DA:3,3
DA:5,1
DA:12,4
DA:13,4
DA:16,4
DA:17,0
DA:18,0
DA:19,4
DA:20,0
DA:23,4
DA:25,4
DA:26,4
DA:31,4
DA:32,0
DA:34,4
DA:37,4
DA:39,4
DA:41,4
DA:42,0
DA:43,0
DA:45,0
DA:50,4
DA:51,0
DA:52,4
DA:53,0
DA:56,4
DA:57,4
DA:61,0
DA:64,1
LF:31
LH:21
BRDA:3,0,0,3
BRDA:3,0,1,6
BRDA:16,1,0,0
BRDA:16,1,1,4
BRDA:19,2,0,0
BRDA:19,2,1,4
BRDA:23,3,0,4
BRDA:23,3,1,4
BRDA:25,4,0,4
BRDA:25,4,1,0
BRDA:25,5,0,4
BRDA:25,5,1,0
BRDA:31,6,0,0
BRDA:31,6,1,4
BRDA:34,7,0,4
BRDA:34,7,1,0
BRDA:37,8,0,4
BRDA:37,8,1,3
BRDA:41,9,0,0
BRDA:41,9,1,4
BRDA:50,10,0,0
BRDA:50,10,1,4
BRDA:52,11,0,0
BRDA:52,11,1,4
BRDA:53,12,0,0
BRDA:53,12,1,0
BRF:26
BRH:15
end_of_record
TN:
SF:website/common/script/index.js
FN:98,_getRequireWildcardCache
FNF:1
FNH:1
FNDA:64,_getRequireWildcardCache
DA:4,1
DA:27,1
DA:28,1
DA:30,1
DA:33,1
DA:34,1
DA:35,1
DA:36,1
DA:37,1
DA:38,1
DA:39,1
DA:40,1
DA:41,1
DA:42,1
DA:43,1
DA:44,1
DA:45,1
DA:46,1
DA:47,1
DA:48,1
DA:49,1
DA:50,1
DA:51,1
DA:52,1
DA:53,1
DA:54,1
DA:55,1
DA:56,1
DA:57,1
DA:58,1
DA:59,1
DA:60,1
DA:61,1
DA:62,1
DA:63,1
DA:64,1
DA:65,1
DA:66,1
DA:67,1
DA:68,1
DA:69,1
DA:70,1
DA:71,1
DA:72,1
DA:73,1
DA:74,1
DA:75,1
DA:76,1
DA:77,1
DA:78,1
DA:79,1
DA:80,1
DA:81,1
DA:82,1
DA:83,1
DA:84,1
DA:85,1
DA:86,1
DA:87,1
DA:88,1
DA:89,1
DA:90,1
DA:91,1
DA:92,1
DA:93,1
DA:95,1
DA:96,1
DA:97,1
DA:98,69
DA:100,1
DA:111,1
DA:131,1
DA:132,1
DA:133,1
DA:134,1
DA:135,1
DA:136,1
DA:137,1
DA:138,1
DA:139,1
DA:140,1
DA:141,1
DA:142,1
DA:143,1
DA:144,1
DA:145,1
DA:146,1
DA:147,1
DA:148,1
DA:149,1
DA:150,1
DA:151,1
DA:152,1
DA:153,1
DA:154,1
DA:155,1
DA:156,1
DA:157,1
DA:158,1
DA:159,1
DA:160,1
DA:161,1
DA:162,1
DA:164,1
DA:176,1
DA:206,1
DA:209,1
LF:107
LH:107
BRDA:98,0,0,123
BRDA:98,0,1,59
BRDA:98,1,0,5
BRDA:98,1,1,5
BRDA:98,1,2,5
BRF:5
BRH:5
end_of_record
TN:
SF:website/common/script/statHelpers.js
FN:11,capByLevel
FN:24,toNextLevel
FN:42,diminishingReturns
FNF:3
FNH:0
FNDA:0,capByLevel
FNDA:0,toNextLevel
FNDA:0,diminishingReturns
DA:1,1
DA:12,0
DA:13,0
DA:15,0
DA:25,0
DA:26,0
DA:27,0
DA:28,0
DA:30,0
DA:43,0
LF:10
LH:1
BRDA:12,0,0,0
BRDA:12,0,1,0
BRDA:25,1,0,0
BRDA:25,1,1,0
BRDA:27,2,0,0
BRDA:27,2,1,0
BRDA:42,3,0,0
BRF:7
BRH:0
end_of_record
TN:
SF:website/common/script/content/achievements.js
FN:1,_interopRequireDefault
FN:466,(anonymous_1)
FN:476,(anonymous_2)
FN:486,(anonymous_3)
FNF:4
FNH:4
FNDA:1,_interopRequireDefault
FNDA:4,(anonymous_1)
FNDA:8,(anonymous_2)
FNDA:90,(anonymous_3)
DA:1,1
DA:3,1
DA:5,1
DA:32,1
DA:34,1
DA:56,1
DA:58,1
DA:81,1
DA:83,1
DA:129,1
DA:131,1
DA:168,1
DA:170,1
DA:246,1
DA:248,1
DA:301,1
DA:303,1
DA:355,1
DA:357,1
DA:364,1
DA:366,1
DA:393,1
DA:395,1
DA:439,1
DA:441,1
DA:464,1
DA:466,1
DA:467,4
DA:472,4
DA:474,1
DA:476,1
DA:477,8
DA:482,8
DA:484,1
DA:486,1
DA:487,90
DA:488,1
LF:37
LH:37
BRDA:1,0,0,1
BRDA:1,0,1,2
BRF:2
BRH:2
end_of_record
TN:
SF:website/common/script/content/bundles.js
FN:3,_interopRequireDefault
FN:22,(anonymous_1)
FN:39,(anonymous_2)
FN:56,(anonymous_3)
FN:72,(anonymous_4)
FN:89,(anonymous_5)
FN:104,(anonymous_6)
FN:120,(anonymous_7)
FN:136,(anonymous_8)
FN:152,(anonymous_9)
FN:168,(anonymous_10)
FN:184,(anonymous_11)
FN:200,(anonymous_12)
FN:216,(anonymous_13)
FN:232,(anonymous_14)
FN:248,(anonymous_15)
FN:264,(anonymous_16)
FNF:17
FNH:1
FNDA:2,_interopRequireDefault
FNDA:0,(anonymous_1)
FNDA:0,(anonymous_2)
FNDA:0,(anonymous_3)
FNDA:0,(anonymous_4)
FNDA:0,(anonymous_5)
FNDA:0,(anonymous_6)
FNDA:0,(anonymous_7)
FNDA:0,(anonymous_8)
FNDA:0,(anonymous_9)
FNDA:0,(anonymous_10)
FNDA:0,(anonymous_11)
FNDA:0,(anonymous_12)
FNDA:0,(anonymous_13)
FNDA:0,(anonymous_14)
FNDA:0,(anonymous_15)
FNDA:0,(anonymous_16)
DA:1,1
DA:2,1
DA:3,2
DA:11,1
DA:23,0
DA:40,0
DA:57,0
DA:73,0
DA:90,0
DA:105,0
DA:121,0
DA:137,0
DA:153,0
DA:169,0
DA:185,0
DA:201,0
DA:217,0
DA:233,0
DA:249,0
DA:265,0
DA:270,1
LF:21
LH:5
BRDA:3,0,0,3
BRDA:3,0,1,3
BRF:2
BRH:2
end_of_record
TN:
SF:website/common/script/content/eggs.js
FN:4,_interopRequireDefault
FN:6,applyEggDefaults
FN:7,(anonymous_2)
FN:21,hasQuestAchievementFunction
FN:22,(anonymous_4)
FN:150,(anonymous_5)
FN:396,(anonymous_6)
FN:402,(anonymous_7)
FNF:8
FNH:4
FNDA:4,_interopRequireDefault
FNDA:2,applyEggDefaults
FNDA:61,(anonymous_2)
FNDA:50,hasQuestAchievementFunction
FNDA:0,(anonymous_4)
FNDA:0,(anonymous_5)
FNDA:0,(anonymous_6)
FNDA:0,(anonymous_7)
DA:1,1
DA:2,1
DA:3,1
DA:4,4
DA:7,2
DA:8,61
DA:22,50
DA:26,1
DA:74,1
DA:151,0
DA:153,0
DA:395,1
DA:397,0
DA:401,1
DA:403,0
DA:407,1
LF:16
LH:12
BRDA:4,0,0,5
BRDA:4,0,1,7
BRDA:22,1,0,0
BRDA:22,1,1,0
BRDA:153,2,0,0
BRDA:153,2,1,0
BRDA:153,2,2,0
BRF:7
BRH:2
end_of_record
TN:
SF:website/common/script/content/faq.js
FN:1,_interopRequireDefault
FN:182,(anonymous_1)
FNF:2
FNH:2
FNDA:1,_interopRequireDefault
FNDA:42,(anonymous_1)
DA:1,1
DA:3,1
DA:174,1
DA:182,1
DA:183,42
DA:194,42
DA:195,1
LF:7
LH:7
BRDA:1,0,0,2
BRDA:1,0,1,1
BRDA:184,1,0,42
BRDA:184,1,1,42
BRF:4
BRH:4
end_of_record
TN:
SF:website/common/script/content/gems.js
FN:35,(anonymous_0)
FNF:1
FNH:1
FNDA:4,(anonymous_0)
DA:1,1
DA:35,1
DA:36,4
DA:37,4
DA:38,1
LF:5
LH:5
BRF:0
BRH:0
end_of_record
TN:
SF:website/common/script/content/hatching-potions.js
FN:6,_interopRequireDefault
FN:8,hasQuestAchievementFunction
FN:9,(anonymous_2)
FN:69,(anonymous_3)
FN:81,(anonymous_4)
FN:93,(anonymous_5)
FN:105,(anonymous_6)
FN:117,(anonymous_7)
FN:129,(anonymous_8)
FN:141,(anonymous_9)
FN:153,(anonymous_10)
FN:162,(anonymous_11)
FN:177,(anonymous_12)
FN:189,(anonymous_13)
FN:198,(anonymous_14)
FN:213,(anonymous_15)
FN:225,(anonymous_16)
FN:237,(anonymous_17)
FN:249,(anonymous_18)
FN:261,(anonymous_19)
FN:273,(anonymous_20)
FN:285,(anonymous_21)
FN:297,(anonymous_22)
FN:316,(anonymous_23)
FN:332,(anonymous_24)
FN:354,(anonymous_25)
FN:373,(anonymous_26)
FN:392,(anonymous_27)
FN:418,(anonymous_28)
FN:430,(anonymous_29)
FN:449,(anonymous_30)
FN:461,(anonymous_31)
FN:480,(anonymous_32)
FN:492,(anonymous_33)
FN:518,(anonymous_34)
FN:537,(anonymous_35)
FN:551,(anonymous_36)
FN:574,(anonymous_37)
FN:589,(anonymous_38)
FN:598,(anonymous_39)
FN:604,(anonymous_40)
FN:616,(anonymous_41)
FN:622,(anonymous_42)
FN:638,(anonymous_43)
FNF:44
FNH:5
FNDA:5,_interopRequireDefault
FNDA:15,hasQuestAchievementFunction
FNDA:0,(anonymous_2)
FNDA:0,(anonymous_3)
FNDA:0,(anonymous_4)
FNDA:0,(anonymous_5)
FNDA:0,(anonymous_6)
FNDA:0,(anonymous_7)
FNDA:0,(anonymous_8)
FNDA:0,(anonymous_9)
FNDA:0,(anonymous_10)
FNDA:0,(anonymous_11)
FNDA:0,(anonymous_12)
FNDA:0,(anonymous_13)
FNDA:0,(anonymous_14)
FNDA:0,(anonymous_15)
FNDA:0,(anonymous_16)
FNDA:0,(anonymous_17)
FNDA:0,(anonymous_18)
FNDA:0,(anonymous_19)
FNDA:0,(anonymous_20)
FNDA:0,(anonymous_21)
FNDA:0,(anonymous_22)
FNDA:0,(anonymous_23)
FNDA:0,(anonymous_24)
FNDA:0,(anonymous_25)
FNDA:0,(anonymous_26)
FNDA:0,(anonymous_27)
FNDA:0,(anonymous_28)
FNDA:0,(anonymous_29)
FNDA:0,(anonymous_30)
FNDA:0,(anonymous_31)
FNDA:0,(anonymous_32)
FNDA:0,(anonymous_33)
FNDA:0,(anonymous_34)
FNDA:0,(anonymous_35)
FNDA:0,(anonymous_36)
FNDA:0,(anonymous_37)
FNDA:10,(anonymous_38)
FNDA:0,(anonymous_39)
FNDA:46,(anonymous_40)
FNDA:0,(anonymous_41)
FNDA:5,(anonymous_42)
FNDA:0,(anonymous_43)
DA:1,1
DA:2,1
DA:3,1
DA:4,1
DA:5,1
DA:6,5
DA:9,15
DA:12,1
DA:55,1
DA:70,0
DA:82,0
DA:94,0
DA:106,0
DA:118,0
DA:130,0
DA:142,0
DA:154,0
DA:163,0
DA:178,0
DA:190,0
DA:199,0
DA:214,0
DA:226,0
DA:238,0
DA:250,0
DA:262,0
DA:274,0
DA:286,0
DA:298,0
DA:317,0
DA:333,0
DA:355,0
DA:374,0
DA:393,0
DA:419,0
DA:431,0
DA:450,0
DA:462,0
DA:481,0
DA:493,0
DA:519,0
DA:538,0
DA:543,1
DA:552,0
DA:575,0
DA:589,1
DA:590,10
DA:599,0
DA:604,1
DA:605,46
DA:617,0
DA:622,1
DA:623,5
DA:639,0
DA:644,1
LF:55
LH:17
BRDA:6,0,0,6
BRDA:6,0,1,9
BRDA:9,1,0,0
BRDA:9,1,1,0
BRDA:630,2,0,0
BRDA:630,2,1,5
BRDA:630,3,0,5
BRDA:630,3,1,0
BRF:8
BRH:4
end_of_record
TN:
SF:website/common/script/content/index.js
FN:38,_getRequireWildcardCache
FN:102,(anonymous_4)
FN:110,(anonymous_5)
FN:214,(anonymous_6)
FN:224,(anonymous_7)
FN:234,(anonymous_8)
FN:244,(anonymous_9)
FN:254,(anonymous_10)
FN:264,(anonymous_11)
FN:274,(anonymous_12)
FN:284,(anonymous_13)
FN:294,(anonymous_14)
FN:304,(anonymous_15)
FN:310,(anonymous_16)
FN:324,(anonymous_17)
FN:334,(anonymous_18)
FN:344,(anonymous_19)
FN:354,(anonymous_20)
FN:364,(anonymous_21)
FN:374,(anonymous_22)
FN:384,(anonymous_23)
FN:394,(anonymous_24)
FN:404,(anonymous_25)
FN:414,(anonymous_26)
FN:424,(anonymous_27)
FN:434,(anonymous_28)
FN:444,(anonymous_29)
FN:454,(anonymous_30)
FN:464,(anonymous_31)
FN:474,(anonymous_32)
FN:484,(anonymous_33)
FN:494,(anonymous_34)
FN:504,(anonymous_35)
FN:514,(anonymous_36)
FN:524,(anonymous_37)
FN:534,(anonymous_38)
FN:544,(anonymous_39)
FN:554,(anonymous_40)
FN:564,(anonymous_41)
FN:574,(anonymous_42)
FN:584,(anonymous_43)
FN:594,(anonymous_44)
FN:604,(anonymous_45)
FN:614,(anonymous_46)
FN:622,(anonymous_47)
FN:626,(anonymous_48)
FNF:46
FNH:2
FNDA:18,_getRequireWildcardCache
FNDA:0,(anonymous_4)
FNDA:0,(anonymous_5)
FNDA:0,(anonymous_6)
FNDA:0,(anonymous_7)
FNDA:0,(anonymous_8)
FNDA:0,(anonymous_9)
FNDA:0,(anonymous_10)
FNDA:0,(anonymous_11)
FNDA:0,(anonymous_12)
FNDA:0,(anonymous_13)
FNDA:0,(anonymous_14)
FNDA:0,(anonymous_15)
FNDA:0,(anonymous_16)
FNDA:0,(anonymous_17)
FNDA:0,(anonymous_18)
FNDA:0,(anonymous_19)
FNDA:0,(anonymous_20)
FNDA:0,(anonymous_21)
FNDA:0,(anonymous_22)
FNDA:0,(anonymous_23)
FNDA:0,(anonymous_24)
FNDA:0,(anonymous_25)
FNDA:0,(anonymous_26)
FNDA:0,(anonymous_27)
FNDA:0,(anonymous_28)
FNDA:0,(anonymous_29)
FNDA:0,(anonymous_30)
FNDA:0,(anonymous_31)
FNDA:0,(anonymous_32)
FNDA:0,(anonymous_33)
FNDA:0,(anonymous_34)
FNDA:0,(anonymous_35)
FNDA:0,(anonymous_36)
FNDA:0,(anonymous_37)
FNDA:0,(anonymous_38)
FNDA:0,(anonymous_39)
FNDA:0,(anonymous_40)
FNDA:0,(anonymous_41)
FNDA:0,(anonymous_42)
FNDA:0,(anonymous_43)
FNDA:0,(anonymous_44)
FNDA:0,(anonymous_45)
FNDA:0,(anonymous_46)
FNDA:41,(anonymous_47)
FNDA:0,(anonymous_48)
DA:1,1
DA:2,1
DA:3,1
DA:4,1
DA:5,1
DA:7,1
DA:19,1
DA:21,1
DA:22,1
DA:23,1
DA:24,1
DA:25,1
DA:27,1
DA:28,1
DA:29,1
DA:30,1
DA:31,1
DA:32,1
DA:33,1
DA:34,1
DA:36,1
DA:38,21
DA:40,1
DA:42,1
DA:43,1
DA:44,1
DA:45,1
DA:46,1
DA:47,1
DA:49,1
DA:50,1
DA:51,1
DA:53,1
DA:55,1
DA:56,1
DA:57,1
DA:58,1
DA:60,1
DA:78,1
DA:79,1
DA:81,1
DA:83,1
DA:91,1
DA:99,1
DA:103,0
DA:104,0
DA:106,0
DA:111,0
DA:115,1
DA:117,1
DA:119,1
DA:121,1
DA:164,1
DA:166,1
DA:167,1
DA:168,1
DA:170,1
DA:187,1
DA:188,1
DA:189,1
DA:190,1
DA:192,1
DA:193,1
DA:194,1
DA:195,1
DA:196,1
DA:197,1
DA:199,1
DA:200,1
DA:201,1
DA:202,1
DA:203,1
DA:206,1
DA:208,1
DA:215,0
DA:225,0
DA:235,0
DA:245,0
DA:255,0
DA:265,0
DA:275,0
DA:285,0
DA:295,0
DA:305,0
DA:311,0
DA:325,0
DA:335,0
DA:345,0
DA:355,0
DA:365,0
DA:375,0
DA:385,0
DA:395,0
DA:405,0
DA:415,0
DA:425,0
DA:435,0
DA:445,0
DA:455,0
DA:465,0
DA:475,0
DA:485,0
DA:495,0
DA:505,0
DA:515,0
DA:525,0
DA:535,0
DA:545,0
DA:555,0
DA:565,0
DA:575,0
DA:585,0
DA:595,0
DA:605,0
DA:615,0
DA:622,41
DA:627,0
DA:632,1
DA:634,1
DA:635,1
DA:637,1
DA:717,1
DA:719,1
DA:727,1
DA:729,1
LF:125
LH:79
BRDA:38,0,0,30
BRDA:38,0,1,18
BRDA:38,1,0,3
BRDA:38,1,1,3
BRDA:38,1,2,3
BRDA:103,2,0,0
BRDA:103,2,1,0
BRDA:206,3,0,0
BRDA:206,3,1,1
BRF:9
BRH:6
end_of_record
TN:
SF:website/common/script/content/loginIncentives.js
FN:2,_interopRequireDefault
FN:6,getLoginIncentives
FN:11,assignReward
FN:23,assignReward
FN:35,assignReward
FN:46,assignReward
FN:58,assignReward
FN:80,assignReward
FN:92,assignReward
FN:104,assignReward
FN:126,assignReward
FN:137,assignReward
FN:149,assignReward
FN:161,assignReward
FN:188,assignReward
FN:200,assignReward
FN:212,assignReward
FN:224,assignReward
FN:236,assignReward
FN:248,assignReward
FN:259,assignReward
FN:271,assignReward
FN:282,assignReward
FN:294,assignReward
FN:305,assignReward
FN:317,assignReward
FN:328,assignReward
FN:340,assignReward
FN:352,assignReward
FN:368,assignReward
FN:420,assignReward
FN:439,assignReward
FN:500,assignReward
FN:517,assignReward
FN:574,assignReward
FN:586,assignReward
FN:601,assignReward
FN:616,assignReward
FN:631,assignReward
FN:646,assignReward
FN:661,assignReward
FN:673,assignReward
FN:688,assignReward
FN:700,assignReward
FN:715,assignReward
FN:730,assignReward
FN:746,assignReward
FN:807,assignReward
FN:859,assignReward
FN:870,assignReward
FN:886,assignReward
FN:902,assignReward
FN:959,assignReward
FN:1017,assignReward
FN:1029,assignReward
FN:1044,assignReward
FN:1060,assignReward
FN:1074,(anonymous_57)
FN:1088,(anonymous_58)
FNF:59
FNH:4
FNDA:1,_interopRequireDefault
FNDA:1,getLoginIncentives
FNDA:0,assignReward
FNDA:0,assignReward
FNDA:0,assignReward
FNDA:0,assignReward
FNDA:0,assignReward
FNDA:0,assignReward
FNDA:0,assignReward
FNDA:0,assignReward
FNDA:0,assignReward
FNDA:0,assignReward
FNDA:0,assignReward
FNDA:0,assignReward
FNDA:0,assignReward
FNDA:0,assignReward
FNDA:0,assignReward
FNDA:0,assignReward
FNDA:0,assignReward
FNDA:0,assignReward
FNDA:0,assignReward
FNDA:0,assignReward
FNDA:0,assignReward
FNDA:0,assignReward
FNDA:0,assignReward
FNDA:0,assignReward
FNDA:0,assignReward
FNDA:0,assignReward
FNDA:0,assignReward
FNDA:0,assignReward
FNDA:0,assignReward
FNDA:0,assignReward
FNDA:0,assignReward
FNDA:0,assignReward
FNDA:0,assignReward
FNDA:0,assignReward
FNDA:0,assignReward
FNDA:0,assignReward
FNDA:0,assignReward
FNDA:0,assignReward
FNDA:0,assignReward
FNDA:0,assignReward
FNDA:0,assignReward
FNDA:0,assignReward
FNDA:0,assignReward
FNDA:0,assignReward
FNDA:0,assignReward
FNDA:0,assignReward
FNDA:0,assignReward
FNDA:0,assignReward
FNDA:0,assignReward
FNDA:0,assignReward
FNDA:0,assignReward
FNDA:0,assignReward
FNDA:0,assignReward
FNDA:0,assignReward
FNDA:0,assignReward
FNDA:501,(anonymous_57)
FNDA:501,(anonymous_58)
DA:1,1
DA:2,1
DA:7,1
DA:12,0
DA:16,0
DA:24,0
DA:25,0
DA:26,0
DA:27,0
DA:28,0
DA:29,0
DA:36,0
DA:40,0
DA:47,0
DA:48,0
DA:52,0
DA:59,0
DA:60,0
DA:64,0
DA:65,0
DA:69,0
DA:70,0
DA:74,0
DA:81,0
DA:82,0
DA:86,0
DA:93,0
DA:94,0
DA:98,0
DA:105,0
DA:106,0
DA:110,0
DA:111,0
DA:115,0
DA:116,0
DA:120,0
DA:127,0
DA:131,0
DA:138,0
DA:139,0
DA:143,0
DA:150,0
DA:151,0
DA:155,0
DA:162,0
DA:163,0
DA:167,0
DA:168,0
DA:172,0
DA:173,0
DA:177,0
DA:178,0
DA:182,0
DA:189,0
DA:190,0
DA:194,0
DA:201,0
DA:202,0
DA:206,0
DA:213,0
DA:214,0
DA:218,0
DA:225,0
DA:226,0
DA:230,0
DA:237,0
DA:238,0
DA:242,0
DA:249,0
DA:253,0
DA:260,0
DA:261,0
DA:265,0
DA:272,0
DA:276,0
DA:283,0
DA:284,0
DA:288,0
DA:295,0
DA:299,0
DA:306,0
DA:307,0
DA:311,0
DA:318,0
DA:322,0
DA:329,0
DA:330,0
DA:334,0
DA:341,0
DA:342,0
DA:346,0
DA:353,0
DA:354,0
DA:358,0
DA:369,0
DA:370,0
DA:374,0
DA:375,0
DA:379,0
DA:380,0
DA:384,0
DA:385,0
DA:389,0
DA:390,0
DA:394,0
DA:395,0
DA:399,0
DA:400,0
DA:404,0
DA:405,0
DA:409,0
DA:410,0
DA:414,0
DA:421,0
DA:422,0
DA:426,0
DA:440,0
DA:441,0
DA:445,0
DA:446,0
DA:448,0
DA:452,0
DA:453,0
DA:455,0
DA:459,0
DA:460,0
DA:464,0
DA:465,0
DA:469,0
DA:470,0
DA:474,0
DA:475,0
DA:479,0
DA:480,0
DA:484,0
DA:485,0
DA:489,0
DA:490,0
DA:494,0
DA:501,0
DA:502,0
DA:506,0
DA:518,0
DA:519,0
DA:523,0
DA:524,0
DA:528,0
DA:529,0
DA:533,0
DA:534,0
DA:538,0
DA:539,0
DA:543,0
DA:544,0
DA:548,0
DA:549,0
DA:553,0
DA:554,0
DA:558,0
DA:559,0
DA:563,0
DA:564,0
DA:568,0
DA:575,0
DA:576,0
DA:580,0
DA:587,0
DA:591,0
DA:595,0
DA:602,0
DA:603,0
DA:607,0
DA:617,0
DA:621,0
DA:625,0
DA:632,0
DA:633,0
DA:637,0
DA:647,0
DA:651,0
DA:655,0
DA:662,0
DA:663,0
DA:667,0
DA:674,0
DA:678,0
DA:682,0
DA:689,0
DA:690,0
DA:694,0
DA:701,0
DA:702,0
DA:706,0
DA:716,0
DA:720,0
DA:724,0
DA:731,0
DA:735,0
DA:747,0
DA:748,0
DA:752,0
DA:753,0
DA:757,0
DA:758,0
DA:762,0
DA:763,0
DA:767,0
DA:768,0
DA:772,0
DA:773,0
DA:777,0
DA:778,0
DA:782,0
DA:783,0
DA:787,0
DA:788,0
DA:792,0
DA:793,0
DA:797,0
DA:808,0
DA:809,0
DA:813,0
DA:814,0
DA:818,0
DA:819,0
DA:823,0
DA:824,0
DA:828,0
DA:829,0
DA:833,0
DA:834,0
DA:838,0
DA:839,0
DA:843,0
DA:844,0
DA:848,0
DA:849,0
DA:853,0
DA:860,0
DA:864,0
DA:871,0
DA:875,0
DA:879,0
DA:887,0
DA:888,0
DA:892,0
DA:903,0
DA:904,0
DA:908,0
DA:909,0
DA:913,0
DA:914,0
DA:918,0
DA:919,0
DA:923,0
DA:924,0
DA:928,0
DA:929,0
DA:933,0
DA:934,0
DA:938,0
DA:939,0
DA:943,0
DA:944,0
DA:948,0
DA:960,0
DA:961,0
DA:965,0
DA:966,0
DA:970,0
DA:971,0
DA:975,0
DA:976,0
DA:980,0
DA:981,0
DA:985,0
DA:986,0
DA:990,0
DA:991,0
DA:995,0
DA:996,0
DA:1000,0
DA:1001,0
DA:1005,0
DA:1006,0
DA:1010,0
DA:1018,0
DA:1019,0
DA:1023,0
DA:1030,0
DA:1034,0
DA:1038,0
DA:1045,0
DA:1049,0
DA:1053,0
DA:1061,0
DA:1074,1
DA:1075,501
DA:1076,55
DA:1077,55
DA:1078,55
DA:1081,446
DA:1088,1
DA:1089,501
DA:1090,501
DA:1093,1
LF:306
LH:13
BRDA:2,0,0,1
BRDA:2,0,1,2
BRDA:16,1,0,0
BRDA:16,1,1,0
BRDA:29,2,0,0
BRDA:29,2,1,0
BRDA:40,3,0,0
BRDA:40,3,1,0
BRDA:47,4,0,0
BRDA:47,4,1,0
BRDA:52,5,0,0
BRDA:52,5,1,0
BRDA:59,6,0,0
BRDA:59,6,1,0
BRDA:64,7,0,0
BRDA:64,7,1,0
BRDA:69,8,0,0
BRDA:69,8,1,0
BRDA:74,9,0,0
BRDA:74,9,1,0
BRDA:81,10,0,0
BRDA:81,10,1,0
BRDA:86,11,0,0
BRDA:86,11,1,0
BRDA:93,12,0,0
BRDA:93,12,1,0
BRDA:98,13,0,0
BRDA:98,13,1,0
BRDA:105,14,0,0
BRDA:105,14,1,0
BRDA:110,15,0,0
BRDA:110,15,1,0
BRDA:115,16,0,0
BRDA:115,16,1,0
BRDA:120,17,0,0
BRDA:120,17,1,0
BRDA:131,18,0,0
BRDA:131,18,1,0
BRDA:138,19,0,0
BRDA:138,19,1,0
BRDA:143,20,0,0
BRDA:143,20,1,0
BRDA:150,21,0,0
BRDA:150,21,1,0
BRDA:155,22,0,0
BRDA:155,22,1,0
BRDA:162,23,0,0
BRDA:162,23,1,0
BRDA:167,24,0,0
BRDA:167,24,1,0
BRDA:172,25,0,0
BRDA:172,25,1,0
BRDA:177,26,0,0
BRDA:177,26,1,0
BRDA:182,27,0,0
BRDA:182,27,1,0
BRDA:189,28,0,0
BRDA:189,28,1,0
BRDA:194,29,0,0
BRDA:194,29,1,0
BRDA:201,30,0,0
BRDA:201,30,1,0
BRDA:206,31,0,0
BRDA:206,31,1,0
BRDA:213,32,0,0
BRDA:213,32,1,0
BRDA:218,33,0,0
BRDA:218,33,1,0
BRDA:225,34,0,0
BRDA:225,34,1,0
BRDA:230,35,0,0
BRDA:230,35,1,0
BRDA:237,36,0,0
BRDA:237,36,1,0
BRDA:242,37,0,0
BRDA:242,37,1,0
BRDA:253,38,0,0
BRDA:253,38,1,0
BRDA:260,39,0,0
BRDA:260,39,1,0
BRDA:265,40,0,0
BRDA:265,40,1,0
BRDA:276,41,0,0
BRDA:276,41,1,0
BRDA:283,42,0,0
BRDA:283,42,1,0
BRDA:288,43,0,0
BRDA:288,43,1,0
BRDA:299,44,0,0
BRDA:299,44,1,0
BRDA:306,45,0,0
BRDA:306,45,1,0
BRDA:311,46,0,0
BRDA:311,46,1,0
BRDA:322,47,0,0
BRDA:322,47,1,0
BRDA:329,48,0,0
BRDA:329,48,1,0
BRDA:334,49,0,0
BRDA:334,49,1,0
BRDA:341,50,0,0
BRDA:341,50,1,0
BRDA:346,51,0,0
BRDA:346,51,1,0
BRDA:353,52,0,0
BRDA:353,52,1,0
BRDA:358,53,0,0
BRDA:358,53,1,0
BRDA:369,54,0,0
BRDA:369,54,1,0
BRDA:374,55,0,0
BRDA:374,55,1,0
BRDA:379,56,0,0
BRDA:379,56,1,0
BRDA:384,57,0,0
BRDA:384,57,1,0
BRDA:389,58,0,0
BRDA:389,58,1,0
BRDA:394,59,0,0
BRDA:394,59,1,0
BRDA:399,60,0,0
BRDA:399,60,1,0
BRDA:404,61,0,0
BRDA:404,61,1,0
BRDA:409,62,0,0
BRDA:409,62,1,0
BRDA:414,63,0,0
BRDA:414,63,1,0
BRDA:421,64,0,0
BRDA:421,64,1,0
BRDA:426,65,0,0
BRDA:426,65,1,0
BRDA:440,66,0,0
BRDA:440,66,1,0
BRDA:445,67,0,0
BRDA:445,67,1,0
BRDA:452,68,0,0
BRDA:452,68,1,0
BRDA:459,69,0,0
BRDA:459,69,1,0
BRDA:464,70,0,0
BRDA:464,70,1,0
BRDA:469,71,0,0
BRDA:469,71,1,0
BRDA:474,72,0,0
BRDA:474,72,1,0
BRDA:479,73,0,0
BRDA:479,73,1,0
BRDA:484,74,0,0
BRDA:484,74,1,0
BRDA:489,75,0,0
BRDA:489,75,1,0
BRDA:494,76,0,0
BRDA:494,76,1,0
BRDA:501,77,0,0
BRDA:501,77,1,0
BRDA:506,78,0,0
BRDA:506,78,1,0
BRDA:518,79,0,0
BRDA:518,79,1,0
BRDA:523,80,0,0
BRDA:523,80,1,0
BRDA:528,81,0,0
BRDA:528,81,1,0
BRDA:533,82,0,0
BRDA:533,82,1,0
BRDA:538,83,0,0
BRDA:538,83,1,0
BRDA:543,84,0,0
BRDA:543,84,1,0
BRDA:548,85,0,0
BRDA:548,85,1,0
BRDA:553,86,0,0
BRDA:553,86,1,0
BRDA:558,87,0,0
BRDA:558,87,1,0
BRDA:563,88,0,0
BRDA:563,88,1,0
BRDA:568,89,0,0
BRDA:568,89,1,0
BRDA:575,90,0,0
BRDA:575,90,1,0
BRDA:580,91,0,0
BRDA:580,91,1,0
BRDA:595,92,0,0
BRDA:595,92,1,0
BRDA:602,93,0,0
BRDA:602,93,1,0
BRDA:607,94,0,0
BRDA:607,94,1,0
BRDA:625,95,0,0
BRDA:625,95,1,0
BRDA:632,96,0,0
BRDA:632,96,1,0
BRDA:637,97,0,0
BRDA:637,97,1,0
BRDA:655,98,0,0
BRDA:655,98,1,0
BRDA:662,99,0,0
BRDA:662,99,1,0
BRDA:667,100,0,0
BRDA:667,100,1,0
BRDA:682,101,0,0
BRDA:682,101,1,0
BRDA:689,102,0,0
BRDA:689,102,1,0
BRDA:694,103,0,0
BRDA:694,103,1,0
BRDA:701,104,0,0
BRDA:701,104,1,0
BRDA:706,105,0,0
BRDA:706,105,1,0
BRDA:724,106,0,0
BRDA:724,106,1,0
BRDA:735,107,0,0
BRDA:735,107,1,0
BRDA:747,108,0,0
BRDA:747,108,1,0
BRDA:752,109,0,0
BRDA:752,109,1,0
BRDA:757,110,0,0
BRDA:757,110,1,0
BRDA:762,111,0,0
BRDA:762,111,1,0
BRDA:767,112,0,0
BRDA:767,112,1,0
BRDA:772,113,0,0
BRDA:772,113,1,0
BRDA:777,114,0,0
BRDA:777,114,1,0
BRDA:782,115,0,0
BRDA:782,115,1,0
BRDA:787,116,0,0
BRDA:787,116,1,0
BRDA:792,117,0,0
BRDA:792,117,1,0
BRDA:797,118,0,0
BRDA:797,118,1,0
BRDA:808,119,0,0
BRDA:808,119,1,0
BRDA:813,120,0,0
BRDA:813,120,1,0
BRDA:818,121,0,0
BRDA:818,121,1,0
BRDA:823,122,0,0
BRDA:823,122,1,0
BRDA:828,123,0,0
BRDA:828,123,1,0
BRDA:833,124,0,0
BRDA:833,124,1,0
BRDA:838,125,0,0
BRDA:838,125,1,0
BRDA:843,126,0,0
BRDA:843,126,1,0
BRDA:848,127,0,0
BRDA:848,127,1,0
BRDA:853,128,0,0
BRDA:853,128,1,0
BRDA:864,129,0,0
BRDA:864,129,1,0
BRDA:879,130,0,0
BRDA:879,130,1,0
BRDA:887,131,0,0
BRDA:887,131,1,0
BRDA:892,132,0,0
BRDA:892,132,1,0
BRDA:903,133,0,0
BRDA:903,133,1,0
BRDA:908,134,0,0
BRDA:908,134,1,0
BRDA:913,135,0,0
BRDA:913,135,1,0
BRDA:918,136,0,0
BRDA:918,136,1,0
BRDA:923,137,0,0
BRDA:923,137,1,0
BRDA:928,138,0,0
BRDA:928,138,1,0
BRDA:933,139,0,0
BRDA:933,139,1,0
BRDA:938,140,0,0
BRDA:938,140,1,0
BRDA:943,141,0,0
BRDA:943,141,1,0
BRDA:948,142,0,0
BRDA:948,142,1,0
BRDA:960,143,0,0
BRDA:960,143,1,0
BRDA:965,144,0,0
BRDA:965,144,1,0
BRDA:970,145,0,0
BRDA:970,145,1,0
BRDA:975,146,0,0
BRDA:975,146,1,0
BRDA:980,147,0,0
BRDA:980,147,1,0
BRDA:985,148,0,0
BRDA:985,148,1,0
BRDA:990,149,0,0
BRDA:990,149,1,0
BRDA:995,150,0,0
BRDA:995,150,1,0
BRDA:1000,151,0,0
BRDA:1000,151,1,0
BRDA:1005,152,0,0
BRDA:1005,152,1,0
BRDA:1010,153,0,0
BRDA:1010,153,1,0
BRDA:1018,154,0,0
BRDA:1018,154,1,0
BRDA:1023,155,0,0
BRDA:1023,155,1,0
BRDA:1038,156,0,0
BRDA:1038,156,1,0
BRDA:1053,157,0,0
BRDA:1053,157,1,0
BRDA:1075,158,0,55
BRDA:1075,158,1,446
BRDA:1075,159,0,501
BRDA:1075,159,1,55
BRDA:1090,160,0,55
BRDA:1090,160,1,446
BRF:322
BRH:8
end_of_record
TN:
SF:website/common/script/content/mystery-sets.js
FN:3,_interopRequireDefault
FN:42,(anonymous_1)
FNF:2
FNH:2
FNDA:3,_interopRequireDefault
FNDA:134,(anonymous_1)
DA:1,1
DA:2,1
DA:3,3
DA:5,1
DA:28,1
DA:30,1
DA:31,1
DA:35,129
DA:36,129
DA:42,1
DA:43,134
DA:44,134
DA:45,134
DA:46,1
LF:14
LH:14
BRDA:3,0,0,4
BRDA:3,0,1,5
BRF:2
BRH:2
end_of_record
TN:
SF:website/common/script/content/officialPinnedItems.js
FNF:0
FNH:0
DA:1,1
LF:1
LH:1
BRF:0
BRH:0
end_of_record
TN:
SF:website/common/script/content/quests.js
FN:13,_interopRequireDefault
FN:37,(anonymous_1)
FN:40,(anonymous_2)
FN:61,(anonymous_3)
FNF:4
FNH:3
FNDA:12,_interopRequireDefault
FNDA:108,(anonymous_1)
FNDA:0,(anonymous_2)
FNDA:108,(anonymous_3)
DA:1,1
DA:2,1
DA:3,1
DA:4,1
DA:5,1
DA:6,1
DA:7,1
DA:8,1
DA:9,1
DA:10,1
DA:11,1
DA:12,1
DA:13,12
DA:15,1
DA:16,1
DA:17,1
DA:18,1
DA:19,1
DA:20,1
DA:21,1
DA:22,1
DA:23,1
DA:26,1
DA:37,1
DA:38,108
DA:41,0
DA:45,108
DA:47,108
DA:48,90
DA:52,90
DA:53,17
DA:61,108
LF:32
LH:31
BRDA:13,0,0,21
BRDA:13,0,1,15
BRDA:47,1,0,90
BRDA:47,1,1,18
BRDA:52,2,0,17
BRDA:52,2,1,73
BRDA:61,3,0,108
BRDA:61,3,1,96
BRF:8
BRH:8
end_of_record
TN:
SF:website/common/script/content/shop-featuredItems.js
FN:2,_interopRequireDefault
FN:9,(anonymous_1)
FN:50,(anonymous_2)
FNF:3
FNH:1
FNDA:1,_interopRequireDefault
FNDA:0,(anonymous_1)
FNDA:0,(anonymous_2)
DA:1,1
DA:2,1
DA:8,1
DA:10,0
DA:11,0
DA:30,0
DA:51,0
DA:52,0
DA:68,0
DA:87,1
LF:10
LH:4
BRDA:2,0,0,1
BRDA:2,0,1,2
BRDA:10,1,0,0
BRDA:10,1,1,0
BRDA:51,2,0,0
BRDA:51,2,1,0
BRF:6
BRH:2
end_of_record
TN:
SF:website/common/script/content/spells.js
FN:9,_interopRequireDefault
FN:41,diminishingReturns
FN:46,calculateBonus
FN:50,stealthBuffsToAdd
FN:69,(anonymous_4)
FN:85,(anonymous_5)
FN:98,(anonymous_6)
FN:109,(anonymous_7)
FN:125,(anonymous_8)
FN:138,(anonymous_9)
FN:151,(anonymous_10)
FN:163,(anonymous_11)
FN:177,(anonymous_12)
FN:188,(anonymous_13)
FN:203,(anonymous_14)
FN:214,(anonymous_15)
FN:228,(anonymous_16)
FN:240,(anonymous_17)
FN:241,(anonymous_18)
FN:255,(anonymous_19)
FN:266,(anonymous_20)
FN:267,(anonymous_21)
FN:283,(anonymous_22)
FN:286,(anonymous_23)
FN:306,(anonymous_24)
FN:319,(anonymous_25)
FN:322,(anonymous_26)
FN:342,(anonymous_27)
FN:356,(anonymous_28)
FN:359,(anonymous_29)
FN:379,(anonymous_30)
FN:392,(anonymous_31)
FN:395,(anonymous_32)
FN:415,(anonymous_33)
FN:429,(anonymous_34)
FN:432,(anonymous_35)
FN:437,(anonymous_36)
FN:469,(anonymous_37)
FN:472,(anonymous_38)
FN:477,(anonymous_39)
FN:509,(anonymous_40)
FN:514,(anonymous_41)
FN:546,(anonymous_42)
FN:551,(anonymous_43)
FN:583,(anonymous_44)
FN:588,(anonymous_45)
FN:620,(anonymous_46)
FN:625,(anonymous_47)
FN:657,(anonymous_48)
FN:662,(anonymous_49)
FN:694,(anonymous_50)
FN:699,(anonymous_51)
FN:725,(anonymous_52)
FN:726,(anonymous_53)
FN:729,castSpell
FNF:55
FNH:3
FNDA:7,_interopRequireDefault
FNDA:0,diminishingReturns
FNDA:0,calculateBonus
FNDA:0,stealthBuffsToAdd
FNDA:0,(anonymous_4)
FNDA:0,(anonymous_5)
FNDA:0,(anonymous_6)
FNDA:0,(anonymous_7)
FNDA:0,(anonymous_8)
FNDA:0,(anonymous_9)
FNDA:0,(anonymous_10)
FNDA:0,(anonymous_11)
FNDA:0,(anonymous_12)
FNDA:0,(anonymous_13)
FNDA:0,(anonymous_14)
FNDA:0,(anonymous_15)
FNDA:0,(anonymous_16)
FNDA:0,(anonymous_17)
FNDA:0,(anonymous_18)
FNDA:0,(anonymous_19)
FNDA:0,(anonymous_20)
FNDA:0,(anonymous_21)
FNDA:0,(anonymous_22)
FNDA:0,(anonymous_23)
FNDA:0,(anonymous_24)
FNDA:0,(anonymous_25)
FNDA:0,(anonymous_26)
FNDA:0,(anonymous_27)
FNDA:0,(anonymous_28)
FNDA:0,(anonymous_29)
FNDA:0,(anonymous_30)
FNDA:0,(anonymous_31)
FNDA:0,(anonymous_32)
FNDA:0,(anonymous_33)
FNDA:0,(anonymous_34)
FNDA:0,(anonymous_35)
FNDA:0,(anonymous_36)
FNDA:0,(anonymous_37)
FNDA:0,(anonymous_38)
FNDA:0,(anonymous_39)
FNDA:0,(anonymous_40)
FNDA:0,(anonymous_41)
FNDA:0,(anonymous_42)
FNDA:0,(anonymous_43)
FNDA:0,(anonymous_44)
FNDA:0,(anonymous_45)
FNDA:0,(anonymous_46)
FNDA:0,(anonymous_47)
FNDA:0,(anonymous_48)
FNDA:0,(anonymous_49)
FNDA:0,(anonymous_50)
FNDA:0,(anonymous_51)
FNDA:5,(anonymous_52)
FNDA:32,(anonymous_53)
FNDA:0,castSpell
DA:1,1
DA:2,1
DA:3,1
DA:4,1
DA:5,1
DA:6,1
DA:7,1
DA:8,1
DA:9,7
DA:42,0
DA:43,0
DA:47,0
DA:51,0
DA:60,1
DA:62,1
DA:70,0
DA:71,0
DA:72,0
DA:73,0
DA:74,0
DA:75,0
DA:86,0
DA:87,0
DA:88,0
DA:99,0
DA:100,0
DA:112,0
DA:113,0
DA:118,1
DA:126,0
DA:127,0
DA:128,0
DA:129,0
DA:139,0
DA:140,0
DA:141,0
DA:152,0
DA:153,0
DA:164,0
DA:165,0
DA:170,1
DA:178,0
DA:179,0
DA:189,0
DA:190,0
DA:191,0
DA:192,0
DA:193,0
DA:204,0
DA:205,0
DA:215,0
DA:216,0
DA:221,1
DA:229,0
DA:230,0
DA:231,0
DA:241,0
DA:242,0
DA:243,0
DA:256,0
DA:257,0
DA:267,0
DA:268,0
DA:269,0
DA:275,1
DA:284,0
DA:287,0
DA:288,0
DA:289,0
DA:290,0
DA:291,0
DA:292,0
DA:293,0
DA:294,0
DA:295,0
DA:307,0
DA:308,0
DA:309,0
DA:320,0
DA:323,0
DA:324,0
DA:325,0
DA:326,0
DA:327,0
DA:328,0
DA:329,0
DA:330,0
DA:331,0
DA:343,0
DA:344,0
DA:345,0
DA:357,0
DA:360,0
DA:361,0
DA:362,0
DA:363,0
DA:364,0
DA:365,0
DA:366,0
DA:367,0
DA:368,0
DA:380,0
DA:381,0
DA:382,0
DA:393,0
DA:396,0
DA:397,0
DA:398,0
DA:399,0
DA:400,0
DA:401,0
DA:402,0
DA:403,0
DA:404,0
DA:416,0
DA:417,0
DA:418,0
DA:430,0
DA:433,0
DA:434,0
DA:435,0
DA:437,0
DA:438,0
DA:439,0
DA:443,0
DA:444,0
DA:445,0
DA:447,0
DA:448,0
DA:456,0
DA:458,0
DA:470,0
DA:473,0
DA:474,0
DA:475,0
DA:477,0
DA:478,0
DA:479,0
DA:483,0
DA:484,0
DA:485,0
DA:487,0
DA:488,0
DA:496,0
DA:498,0
DA:510,0
DA:511,0
DA:512,0
DA:514,0
DA:515,0
DA:516,0
DA:520,0
DA:521,0
DA:522,0
DA:524,0
DA:525,0
DA:533,0
DA:535,0
DA:547,0
DA:548,0
DA:549,0
DA:551,0
DA:552,0
DA:553,0
DA:557,0
DA:558,0
DA:559,0
DA:561,0
DA:562,0
DA:570,0
DA:572,0
DA:584,0
DA:585,0
DA:586,0
DA:588,0
DA:589,0
DA:590,0
DA:594,0
DA:595,0
DA:596,0
DA:598,0
DA:599,0
DA:607,0
DA:609,0
DA:621,0
DA:622,0
DA:623,0
DA:625,0
DA:626,0
DA:627,0
DA:631,0
DA:632,0
DA:633,0
DA:635,0
DA:636,0
DA:644,0
DA:646,0
DA:658,0
DA:659,0
DA:660,0
DA:662,0
DA:663,0
DA:664,0
DA:668,0
DA:669,0
DA:670,0
DA:672,0
DA:673,0
DA:681,0
DA:683,0
DA:695,0
DA:696,0
DA:697,0
DA:699,0
DA:700,0
DA:701,0
DA:705,0
DA:706,0
DA:707,0
DA:709,0
DA:710,0
DA:718,0
DA:720,0
DA:725,1
DA:726,5
DA:727,32
DA:728,32
DA:729,32
DA:730,0
DA:731,0
DA:734,1
LF:231
LH:21
BRDA:9,0,0,12
BRDA:9,0,1,9
BRDA:42,1,0,0
BRDA:42,1,1,0
BRDA:46,2,0,0
BRDA:46,3,0,0
BRDA:47,4,0,0
BRDA:47,4,1,0
BRDA:71,5,0,0
BRDA:71,5,1,0
BRDA:73,6,0,0
BRDA:73,6,1,0
BRDA:112,7,0,0
BRDA:112,7,1,0
BRDA:128,8,0,0
BRDA:128,8,1,0
BRDA:140,9,0,0
BRDA:140,9,1,0
BRDA:215,10,0,0
BRDA:215,10,1,0
BRDA:229,11,0,0
BRDA:229,11,1,0
BRDA:231,12,0,0
BRDA:231,12,1,0
BRDA:242,13,0,0
BRDA:242,13,1,0
BRDA:269,14,0,0
BRDA:269,14,1,0
BRDA:287,15,0,0
BRDA:287,15,1,0
BRDA:292,16,0,0
BRDA:292,16,1,0
BRDA:323,17,0,0
BRDA:323,17,1,0
BRDA:328,18,0,0
BRDA:328,18,1,0
BRDA:360,19,0,0
BRDA:360,19,1,0
BRDA:365,20,0,0
BRDA:365,20,1,0
BRDA:396,21,0,0
BRDA:396,21,1,0
BRDA:401,22,0,0
BRDA:401,22,1,0
BRDA:433,23,0,0
BRDA:433,23,1,0
BRDA:434,24,0,0
BRDA:434,24,1,0
BRDA:438,25,0,0
BRDA:438,25,1,0
BRDA:443,26,0,0
BRDA:443,26,1,0
BRDA:447,27,0,0
BRDA:447,27,1,0
BRDA:473,28,0,0
BRDA:473,28,1,0
BRDA:474,29,0,0
BRDA:474,29,1,0
BRDA:478,30,0,0
BRDA:478,30,1,0
BRDA:483,31,0,0
BRDA:483,31,1,0
BRDA:487,32,0,0
BRDA:487,32,1,0
BRDA:510,33,0,0
BRDA:510,33,1,0
BRDA:511,34,0,0
BRDA:511,34,1,0
BRDA:515,35,0,0
BRDA:515,35,1,0
BRDA:520,36,0,0
BRDA:520,36,1,0
BRDA:524,37,0,0
BRDA:524,37,1,0
BRDA:547,38,0,0
BRDA:547,38,1,0
BRDA:548,39,0,0
BRDA:548,39,1,0
BRDA:552,40,0,0
BRDA:552,40,1,0
BRDA:557,41,0,0
BRDA:557,41,1,0
BRDA:561,42,0,0
BRDA:561,42,1,0
BRDA:584,43,0,0
BRDA:584,43,1,0
BRDA:585,44,0,0
BRDA:585,44,1,0
BRDA:589,45,0,0
BRDA:589,45,1,0
BRDA:594,46,0,0
BRDA:594,46,1,0
BRDA:598,47,0,0
BRDA:598,47,1,0
BRDA:621,48,0,0
BRDA:621,48,1,0
BRDA:622,49,0,0
BRDA:622,49,1,0
BRDA:626,50,0,0
BRDA:626,50,1,0
BRDA:631,51,0,0
BRDA:631,51,1,0
BRDA:635,52,0,0
BRDA:635,52,1,0
BRDA:658,53,0,0
BRDA:658,53,1,0
BRDA:659,54,0,0
BRDA:659,54,1,0
BRDA:663,55,0,0
BRDA:663,55,1,0
BRDA:668,56,0,0
BRDA:668,56,1,0
BRDA:672,57,0,0
BRDA:672,57,1,0
BRDA:695,58,0,0
BRDA:695,58,1,0
BRDA:696,59,0,0
BRDA:696,59,1,0
BRDA:700,60,0,0
BRDA:700,60,1,0
BRDA:705,61,0,0
BRDA:705,61,1,0
BRDA:709,62,0,0
BRDA:709,62,1,0
BRF:124
BRH:2
end_of_record
TN:
SF:website/common/script/content/stable.js
FN:13,_interopRequireDefault
FN:18,constructSet
FN:22,(anonymous_2)
FN:23,(anonymous_3)
FN:26,getAnimalData
FN:53,constructPetOnlySet
FN:56,(anonymous_6)
FN:57,(anonymous_7)
FN:60,getAnimalData
FN:209,(anonymous_9)
FN:219,(anonymous_10)
FN:228,(anonymous_11)
FNF:12
FNH:11
FNDA:3,_interopRequireDefault
FNDA:3,constructSet
FNDA:70,(anonymous_2)
FNDA:1024,(anonymous_3)
FNDA:2048,getAnimalData
FNDA:1,constructPetOnlySet
FNDA:9,(anonymous_6)
FNDA:45,(anonymous_7)
FNDA:45,getAnimalData
FNDA:25,(anonymous_9)
FNDA:0,(anonymous_10)
FNDA:18,(anonymous_11)
DA:1,1
DA:2,1
DA:3,1
DA:4,1
DA:8,1
DA:13,3
DA:15,1
DA:16,1
DA:19,3
DA:20,3
DA:22,3
DA:23,70
DA:24,1024
DA:27,2048
DA:36,1024
DA:40,1024
DA:45,1024
DA:46,1024
DA:50,3
DA:54,1
DA:56,1
DA:57,9
DA:58,45
DA:61,45
DA:70,45
DA:74,45
DA:78,1
DA:81,2
DA:82,2
DA:83,2
DA:84,1
DA:86,1
DA:160,1
DA:188,1
DA:209,1
DA:210,25
DA:218,1
DA:220,0
DA:228,1
DA:229,18
LF:40
LH:39
BRDA:13,0,0,4
BRDA:13,0,1,5
BRF:2
BRH:2
end_of_record
TN:
SF:website/common/script/content/subscriptionBlocks.js
FN:2,_interopRequireDefault
FN:53,(anonymous_1)
FNF:2
FNH:2
FNDA:1,_interopRequireDefault
FNDA:7,(anonymous_1)
DA:2,1
DA:4,1
DA:53,7
LF:3
LH:3
BRDA:2,0,0,1
BRDA:2,0,1,2
BRF:2
BRH:2
end_of_record
TN:
SF:website/common/script/content/tasks.js
FN:1,_interopRequireDefault
FNF:1
FNH:1
FNDA:1,_interopRequireDefault
DA:1,1
DA:3,1
LF:2
LH:2
BRDA:1,0,0,2
BRDA:1,0,1,1
BRF:2
BRH:2
end_of_record
TN:
SF:website/common/script/content/time-travelers.js
FN:9,_interopRequireDefault
FN:13,(anonymous_1)
FN:20,(anonymous_2)
FN:27,(anonymous_3)
FNF:4
FNH:2
FNDA:8,_interopRequireDefault
FNDA:134,(anonymous_1)
FNDA:0,(anonymous_2)
FNDA:0,(anonymous_3)
DA:1,1
DA:2,1
DA:3,1
DA:4,1
DA:5,1
DA:6,1
DA:8,1
DA:9,8
DA:11,1
DA:13,1
DA:14,134
DA:17,134
DA:20,1
DA:22,0
DA:23,0
DA:24,0
DA:25,0
DA:26,0
DA:27,0
DA:28,0
DA:33,0
DA:35,0
DA:36,0
DA:38,1
LF:24
LH:14
BRDA:9,0,0,10
BRDA:9,0,1,14
BRDA:17,1,0,5
BRDA:17,1,1,129
BRDA:24,2,0,0
BRDA:24,2,1,0
BRDA:25,3,0,0
BRDA:25,3,1,0
BRDA:28,4,0,0
BRDA:28,4,1,0
BRDA:29,5,0,0
BRDA:29,5,1,0
BRDA:29,5,2,0
BRDA:29,5,3,0
BRF:14
BRH:4
end_of_record
TN:
SF:website/common/script/content/translation.js
FN:1,_interopRequireDefault
FN:3,translator
FN:4,func
FNF:3
FNH:2
FNDA:1,_interopRequireDefault
FNDA:8154,translator
FNDA:0,func
DA:1,1
DA:5,0
DA:8,8154
DA:10,8154
LF:4
LH:3
BRDA:1,0,0,2
BRDA:1,0,1,1
BRDA:3,1,0,4611
BRF:3
BRH:3
end_of_record
TN:
SF:website/common/script/content/appearance/backgrounds.js
FN:6,_interopRequireDefault
FN:680,(anonymous_1)
FN:683,(anonymous_2)
FN:684,(anonymous_3)
FN:699,backgroundsTree
FN:703,backgroundsFlat
FNF:6
FNH:6
FNDA:6,_interopRequireDefault
FNDA:123,(anonymous_1)
FNDA:123,(anonymous_2)
FNDA:370,(anonymous_3)
FNDA:1,backgroundsTree
FNDA:1,backgroundsFlat
DA:1,1
DA:2,1
DA:3,1
DA:4,1
DA:5,1
DA:6,6
DA:9,1
DA:667,1
DA:678,1
DA:680,123
DA:683,1
DA:684,123
DA:685,370
DA:686,370
DA:687,370
DA:688,369
DA:690,370
DA:691,370
DA:693,370
DA:695,1
DA:700,1
DA:704,1
LF:22
LH:22
BRDA:6,0,0,7
BRDA:6,0,1,11
BRDA:680,1,0,123
BRDA:680,1,1,8
BRDA:687,2,0,369
BRDA:687,2,1,1
BRDA:688,3,0,369
BRDA:688,3,1,366
BRDA:690,4,0,370
BRDA:690,4,1,365
BRDA:691,5,0,370
BRDA:691,5,1,365
BRF:12
BRH:12
end_of_record
TN:
SF:website/common/script/content/appearance/chair.js
FN:1,_interopRequireDefault
FNF:1
FNH:1
FNDA:1,_interopRequireDefault
DA:1,1
LF:1
LH:1
BRDA:1,0,0,2
BRDA:1,0,1,1
BRF:2
BRH:2
end_of_record
TN:
SF:website/common/script/content/appearance/index.js
FN:8,_interopRequireDefault
FN:12,(anonymous_1)
FN:13,(anonymous_2)
FNF:3
FNH:3
FNDA:8,_interopRequireDefault
FNDA:123,(anonymous_1)
FNDA:370,(anonymous_2)
DA:1,1
DA:2,1
DA:3,1
DA:4,1
DA:5,1
DA:6,1
DA:7,1
DA:8,8
DA:10,1
DA:12,1
DA:13,123
DA:14,370
DA:15,370
DA:20,370
DA:24,1
DA:31,1
LF:16
LH:16
BRDA:8,0,0,14
BRDA:8,0,1,10
BRF:2
BRH:2
end_of_record
TN:
SF:website/common/script/content/appearance/prefill.js
FN:1,_interopRequireDefault
FN:3,prefillAppearances
FN:4,(anonymous_2)
FNF:3
FNH:3
FNDA:1,_interopRequireDefault
FNDA:11,prefillAppearances
FNDA:201,(anonymous_2)
DA:1,1
DA:4,11
DA:5,201
DA:6,201
DA:7,79
DA:10,11
LF:6
LH:6
BRDA:1,0,0,1
BRDA:1,0,1,2
BRDA:6,1,0,79
BRDA:6,1,1,122
BRF:4
BRH:4
end_of_record
TN:
SF:website/common/script/content/appearance/sets.js
FN:3,_interopRequireDefault
FNF:1
FNH:1
FNDA:2,_interopRequireDefault
DA:1,1
DA:2,1
DA:3,2
LF:3
LH:3
BRDA:3,0,0,4
BRDA:3,0,1,2
BRF:2
BRH:2
end_of_record
TN:
SF:website/common/script/content/appearance/shirt.js
FN:2,_interopRequireDefault
FNF:1
FNH:1
FNDA:2,_interopRequireDefault
DA:1,1
DA:2,2
LF:2
LH:2
BRDA:2,0,0,4
BRDA:2,0,1,2
BRF:2
BRH:2
end_of_record
TN:
SF:website/common/script/content/appearance/size.js
FN:1,_interopRequireDefault
FNF:1
FNH:1
FNDA:1,_interopRequireDefault
DA:1,1
LF:1
LH:1
BRDA:1,0,0,2
BRDA:1,0,1,1
BRF:2
BRH:2
end_of_record
TN:
SF:website/common/script/content/appearance/skin.js
FN:2,_interopRequireDefault
FNF:1
FNH:1
FNDA:2,_interopRequireDefault
DA:1,1
DA:2,2
LF:2
LH:2
BRDA:2,0,0,4
BRDA:2,0,1,2
BRF:2
BRH:2
end_of_record
TN:
SF:website/common/script/content/appearance/hair/bangs.js
FN:1,_interopRequireDefault
FNF:1
FNH:1
FNDA:1,_interopRequireDefault
DA:1,1
LF:1
LH:1
BRDA:1,0,0,2
BRDA:1,0,1,1
BRF:2
BRH:2
end_of_record
TN:
SF:website/common/script/content/appearance/hair/base.js
FN:2,_interopRequireDefault
FNF:1
FNH:1
FNDA:2,_interopRequireDefault
DA:1,1
DA:2,2
LF:2
LH:2
BRDA:2,0,0,4
BRDA:2,0,1,2
BRF:2
BRH:2
end_of_record
TN:
SF:website/common/script/content/appearance/hair/beard.js
FN:2,_interopRequireDefault
FNF:1
FNH:1
FNDA:2,_interopRequireDefault
DA:1,1
DA:2,2
LF:2
LH:2
BRDA:2,0,0,4
BRDA:2,0,1,2
BRF:2
BRH:2
end_of_record
TN:
SF:website/common/script/content/appearance/hair/color.js
FN:2,_interopRequireDefault
FNF:1
FNH:1
FNDA:2,_interopRequireDefault
DA:1,1
DA:2,2
LF:2
LH:2
BRDA:2,0,0,4
BRDA:2,0,1,2
BRF:2
BRH:2
end_of_record
TN:
SF:website/common/script/content/appearance/hair/flower.js
FN:1,_interopRequireDefault
FNF:1
FNH:1
FNDA:1,_interopRequireDefault
DA:1,1
LF:1
LH:1
BRDA:1,0,0,2
BRDA:1,0,1,1
BRF:2
BRH:2
end_of_record
TN:
SF:website/common/script/content/appearance/hair/index.js
FN:6,_interopRequireDefault
FNF:1
FNH:1
FNDA:6,_interopRequireDefault
DA:1,1
DA:2,1
DA:3,1
DA:4,1
DA:5,1
DA:6,6
LF:6
LH:6
BRDA:6,0,0,12
BRDA:6,0,1,6
BRF:2
BRH:2
end_of_record
TN:
SF:website/common/script/content/appearance/hair/mustache.js
FN:2,_interopRequireDefault
FNF:1
FNH:1
FNDA:2,_interopRequireDefault
DA:1,1
DA:2,2
LF:2
LH:2
BRDA:2,0,0,4
BRDA:2,0,1,2
BRF:2
BRH:2
end_of_record
TN:
SF:website/common/script/content/constants/animalColorAchievements.js
FNF:0
FNH:0
DA:1,1
DA:72,1
LF:2
LH:2
BRF:0
BRH:0
end_of_record
TN:
SF:website/common/script/content/constants/animalSetAchievements.js
FNF:0
FNH:0
DA:1,1
DA:190,1
LF:2
LH:2
BRF:0
BRH:0
end_of_record
TN:
SF:website/common/script/content/constants/events.js
FNF:0
FNH:0
DA:4,1
DA:11,1
LF:2
LH:2
BRF:0
BRH:0
end_of_record
TN:
SF:website/common/script/content/constants/index.js
FN:42,_interopRequireDefault
FNF:1
FNH:1
FNDA:15,_interopRequireDefault
DA:2,1
DA:9,1
DA:20,1
DA:27,1
DA:28,1
DA:29,1
DA:30,1
DA:31,1
DA:32,1
DA:33,1
DA:34,1
DA:35,1
DA:36,1
DA:37,1
DA:38,1
DA:39,1
DA:40,1
DA:41,1
DA:42,15
LF:19
LH:19
BRDA:42,0,0,30
BRDA:42,0,1,15
BRF:2
BRH:2
end_of_record
TN:
SF:website/common/script/content/constants/itemList.js
FNF:0
FNH:0
DA:3,1
DA:19,1
LF:2
LH:2
BRF:0
BRH:0
end_of_record
TN:
SF:website/common/script/content/constants/petCompleteSetAchievements.js
FNF:0
FNH:0
DA:3,1
DA:9,1
LF:2
LH:2
BRF:0
BRH:0
end_of_record
TN:
SF:website/common/script/content/constants/questSeriesAchievements.js
FNF:0
FNH:0
DA:1,1
DA:56,1
LF:2
LH:2
BRF:0
BRH:0
end_of_record
TN:
SF:website/common/script/content/constants/seasonalSets.js
FNF:0
FNH:0
DA:1,1
DA:227,1
LF:2
LH:2
BRF:0
BRH:0
end_of_record
TN:
SF:website/common/script/content/constants/stableAchievements.js
FNF:0
FNH:0
DA:1,1
DA:14,1
LF:2
LH:2
BRF:0
BRH:0
end_of_record
TN:
SF:website/common/script/content/gear/armor.js
FNF:0
FNH:0
DA:1,1
DA:3,1
DA:4,1
DA:5,1
DA:6,1
DA:8,1
DA:9,1
DA:10,1
DA:12,1
DA:23,1
LF:10
LH:10
BRF:0
BRH:0
end_of_record
TN:
SF:website/common/script/content/gear/back.js
FNF:0
FNH:0
DA:1,1
DA:3,1
DA:4,1
DA:6,1
DA:10,1
LF:5
LH:5
BRF:0
BRH:0
end_of_record
TN:
SF:website/common/script/content/gear/body.js
FNF:0
FNH:0
DA:1,1
DA:3,1
DA:4,1
DA:5,1
DA:7,1
DA:12,1
LF:6
LH:6
BRF:0
BRH:0
end_of_record
TN:
SF:website/common/script/content/gear/eyewear.js
FNF:0
FNH:0
DA:1,1
DA:3,1
DA:4,1
DA:5,1
DA:7,1
DA:12,1
LF:6
LH:6
BRF:0
BRH:0
end_of_record
TN:
SF:website/common/script/content/gear/gear-helper.js
FN:1,_interopRequireDefault
FN:3,ownsItem
FN:4,(anonymous_2)
FNF:3
FNH:2
FNDA:1,_interopRequireDefault
FNDA:805,ownsItem
FNDA:0,(anonymous_2)
DA:1,1
DA:4,805
LF:2
LH:2
BRDA:1,0,0,1
BRDA:1,0,1,2
BRDA:4,1,0,0
BRDA:4,1,1,0
BRF:4
BRH:2
end_of_record
TN:
SF:website/common/script/content/gear/head-accessory.js
FNF:0
FNH:0
DA:1,1
DA:3,1
DA:4,1
DA:5,1
DA:7,1
DA:12,1
LF:6
LH:6
BRF:0
BRH:0
end_of_record
TN:
SF:website/common/script/content/gear/head.js
FNF:0
FNH:0
DA:1,1
DA:3,1
DA:4,1
DA:5,1
DA:6,1
DA:8,1
DA:9,1
DA:10,1
DA:12,1
DA:23,1
LF:10
LH:10
BRF:0
BRH:0
end_of_record
TN:
SF:website/common/script/content/gear/index.js
FN:18,_interopRequireDefault
FN:38,(anonymous_1)
FN:41,(anonymous_2)
FN:42,(anonymous_3)
FN:56,(anonymous_4)
FN:60,(anonymous_5)
FN:63,(anonymous_6)
FNF:7
FNH:4
FNDA:11,_interopRequireDefault
FNDA:8,(anonymous_1)
FNDA:64,(anonymous_2)
FNDA:1572,(anonymous_3)
FNDA:0,(anonymous_4)
FNDA:0,(anonymous_5)
FNDA:0,(anonymous_6)
DA:1,1
DA:2,1
DA:3,1
DA:5,1
DA:9,1
DA:11,1
DA:12,1
DA:13,1
DA:14,1
DA:15,1
DA:16,1
DA:17,1
DA:18,11
DA:20,1
DA:36,1
DA:38,1
DA:39,8
DA:41,8
DA:42,64
DA:43,1572
DA:44,1572
DA:46,1572
DA:56,0
DA:59,1572
DA:60,618
DA:61,618
DA:63,618
DA:64,0
DA:65,0
DA:67,0
DA:71,0
DA:75,1572
DA:76,282
DA:79,1572
DA:82,1
LF:35
LH:30
BRDA:18,0,0,19
BRDA:18,0,1,14
BRDA:59,1,0,618
BRDA:59,1,1,954
BRDA:61,2,0,618
BRDA:61,2,1,618
BRDA:65,3,0,0
BRDA:65,3,1,0
BRDA:67,4,0,0
BRDA:67,4,1,0
BRDA:71,5,0,0
BRDA:71,5,1,0
BRDA:71,5,2,0
BRDA:71,5,3,0
BRDA:75,6,0,282
BRDA:75,6,1,1290
BRDA:75,7,0,1572
BRDA:75,7,1,1296
BRF:18
BRH:10
end_of_record
TN:
SF:website/common/script/content/gear/shield.js
FN:12,_interopRequireDefault
FNF:1
FNH:1
FNDA:1,_interopRequireDefault
DA:1,1
DA:3,1
DA:5,1
DA:6,1
DA:7,1
DA:8,1
DA:10,1
DA:11,1
DA:12,1
DA:14,1
DA:16,1
DA:27,1
LF:12
LH:12
BRDA:12,0,0,1
BRDA:12,0,1,2
BRF:2
BRH:2
end_of_record
TN:
SF:website/common/script/content/gear/weapon.js
FN:12,_interopRequireDefault
FN:55,(anonymous_1)
FNF:2
FNH:1
FNDA:1,_interopRequireDefault
FNDA:0,(anonymous_1)
DA:1,1
DA:3,1
DA:5,1
DA:6,1
DA:7,1
DA:8,1
DA:10,1
DA:11,1
DA:12,1
DA:14,1
DA:28,1
DA:50,1
DA:51,8
DA:52,8
DA:53,337
DA:54,337
DA:55,337
DA:56,0
DA:58,0
DA:59,0
DA:62,0
DA:64,337
DA:66,1
LF:23
LH:19
BRDA:12,0,0,2
BRDA:12,0,1,1
BRDA:56,1,0,0
BRDA:56,1,1,0
BRDA:58,2,0,0
BRDA:58,2,1,0
BRF:6
BRH:2
end_of_record
TN:
SF:website/common/script/content/gear/sets/armoire.js
FN:8,_interopRequireDefault
FN:1837,(anonymous_1)
FN:1838,(anonymous_2)
FN:1843,(anonymous_3)
FN:1852,(anonymous_4)
FNF:5
FNH:5
FNDA:6,_interopRequireDefault
FNDA:7,(anonymous_1)
FNDA:396,(anonymous_2)
FNDA:1532,(anonymous_3)
FNDA:340,(anonymous_4)
DA:1,1
DA:2,1
DA:3,1
DA:4,1
DA:5,1
DA:6,1
DA:7,1
DA:8,6
DA:10,1
DA:480,1
DA:535,1
DA:563,1
DA:989,1
DA:1336,1
DA:1346,1
DA:1818,1
DA:1829,1
DA:1838,7
DA:1839,396
DA:1840,396
DA:1842,396
DA:1843,383
DA:1844,1532
DA:1845,577
DA:1846,577
DA:1850,396
DA:1851,383
DA:1852,340
DA:1854,280
DA:1856,103
DA:1859,13
DA:1861,396
DA:1868,396
DA:1869,0
LF:34
LH:33
BRDA:8,0,0,7
BRDA:8,0,1,11
BRDA:1842,1,0,383
BRDA:1842,1,1,13
BRDA:1844,2,0,577
BRDA:1844,2,1,955
BRDA:1850,3,0,383
BRDA:1850,3,1,13
BRDA:1851,4,0,280
BRDA:1851,4,1,103
BRDA:1851,5,0,383
BRDA:1851,5,1,149
BRDA:1862,6,0,26
BRDA:1862,6,1,370
BRDA:1868,7,0,0
BRDA:1868,7,1,396
BRF:16
BRH:15
end_of_record
TN:
SF:website/common/script/content/gear/sets/base.js
FN:1,_interopRequireDefault
FNF:1
FNH:1
FNDA:1,_interopRequireDefault
DA:1,1
DA:3,1
DA:11,1
DA:19,1
DA:27,1
DA:36,1
DA:44,1
DA:53,1
DA:61,1
LF:9
LH:9
BRDA:1,0,0,2
BRDA:1,0,1,1
BRF:2
BRH:2
end_of_record
TN:
SF:website/common/script/content/gear/sets/healer.js
FN:1,_interopRequireDefault
FNF:1
FNH:1
FNDA:1,_interopRequireDefault
DA:1,1
DA:3,1
DA:37,1
DA:71,1
DA:105,1
LF:5
LH:5
BRDA:1,0,0,2
BRDA:1,0,1,1
BRF:2
BRH:2
end_of_record
TN:
SF:website/common/script/content/gear/sets/mystery.js
FN:3,_interopRequireDefault
FN:307,(anonymous_1)
FN:308,(anonymous_2)
FNF:3
FNH:3
FNDA:3,_interopRequireDefault
FNDA:8,(anonymous_1)
FNDA:269,(anonymous_2)
DA:1,1
DA:2,1
DA:3,3
DA:5,1
DA:73,1
DA:113,1
DA:124,1
DA:145,1
DA:232,1
DA:262,1
DA:275,1
DA:298,1
DA:308,8
DA:309,269
LF:14
LH:14
BRDA:3,0,0,4
BRDA:3,0,1,5
BRF:2
BRH:2
end_of_record
TN:
SF:website/common/script/content/gear/sets/rogue.js
FN:1,_interopRequireDefault
FNF:1
FNH:1
FNDA:1,_interopRequireDefault
DA:1,1
DA:3,1
DA:37,1
DA:71,1
DA:117,1
LF:5
LH:5
BRDA:1,0,0,2
BRDA:1,0,1,1
BRF:2
BRH:2
end_of_record
TN:
SF:website/common/script/content/gear/sets/warrior.js
FN:1,_interopRequireDefault
FNF:1
FNH:1
FNDA:1,_interopRequireDefault
DA:1,1
DA:3,1
DA:37,1
DA:71,1
DA:105,1
LF:5
LH:5
BRDA:1,0,0,2
BRDA:1,0,1,1
BRF:2
BRH:2
end_of_record
TN:
SF:website/common/script/content/gear/sets/wizard.js
FN:1,_interopRequireDefault
FNF:1
FNH:1
FNDA:1,_interopRequireDefault
DA:1,1
DA:3,1
DA:37,1
DA:71,1
DA:77,1
LF:5
LH:5
BRDA:1,0,0,2
BRDA:1,0,1,1
BRF:2
BRH:2
end_of_record
TN:
SF:website/common/script/content/gear/sets/special/index.js
FN:16,_getRequireWildcardCache
FN:18,(anonymous_4)
FN:21,(anonymous_5)
FN:127,(anonymous_6)
FN:136,(anonymous_7)
FN:145,(anonymous_8)
FN:154,(anonymous_9)
FN:164,(anonymous_10)
FN:168,(anonymous_11)
FN:172,(anonymous_12)
FN:176,(anonymous_13)
FN:180,(anonymous_14)
FN:184,(anonymous_15)
FN:188,(anonymous_16)
FN:192,(anonymous_17)
FN:196,(anonymous_18)
FN:200,(anonymous_19)
FN:204,(anonymous_20)
FN:208,(anonymous_21)
FN:212,(anonymous_22)
FN:216,(anonymous_23)
FN:220,(anonymous_24)
FN:224,(anonymous_25)
FN:234,(anonymous_26)
FN:238,(anonymous_27)
FN:242,(anonymous_28)
FN:246,(anonymous_29)
FN:250,(anonymous_30)
FN:254,(anonymous_31)
FN:258,(anonymous_32)
FN:262,(anonymous_33)
FN:266,(anonymous_34)
FN:270,(anonymous_35)
FN:274,(anonymous_36)
FN:278,(anonymous_37)
FN:288,(anonymous_38)
FN:292,(anonymous_39)
FN:296,(anonymous_40)
FN:300,(anonymous_41)
FN:310,(anonymous_42)
FN:314,(anonymous_43)
FN:318,(anonymous_44)
FN:322,(anonymous_45)
FN:326,(anonymous_46)
FN:330,(anonymous_47)
FN:334,(anonymous_48)
FN:338,(anonymous_49)
FN:342,(anonymous_50)
FN:346,(anonymous_51)
FN:350,(anonymous_52)
FN:354,(anonymous_53)
FN:358,(anonymous_54)
FN:362,(anonymous_55)
FN:366,(anonymous_56)
FN:370,(anonymous_57)
FN:380,(anonymous_58)
FN:384,(anonymous_59)
FN:388,(anonymous_60)
FN:392,(anonymous_61)
FN:396,(anonymous_62)
FN:400,(anonymous_63)
FN:404,(anonymous_64)
FN:408,(anonymous_65)
FN:412,(anonymous_66)
FN:416,(anonymous_67)
FN:420,(anonymous_68)
FN:424,(anonymous_69)
FN:428,(anonymous_70)
FN:432,(anonymous_71)
FN:436,(anonymous_72)
FN:440,(anonymous_73)
FN:450,(anonymous_74)
FN:454,(anonymous_75)
FN:458,(anonymous_76)
FN:462,(anonymous_77)
FN:466,(anonymous_78)
FN:470,(anonymous_79)
FN:474,(anonymous_80)
FN:478,(anonymous_81)
FN:482,(anonymous_82)
FN:486,(anonymous_83)
FN:490,(anonymous_84)
FN:494,(anonymous_85)
FN:504,(anonymous_86)
FN:508,(anonymous_87)
FN:512,(anonymous_88)
FN:516,(anonymous_89)
FN:526,(anonymous_90)
FN:530,(anonymous_91)
FN:534,(anonymous_92)
FN:538,(anonymous_93)
FN:542,(anonymous_94)
FN:546,(anonymous_95)
FN:550,(anonymous_96)
FN:554,(anonymous_97)
FN:558,(anonymous_98)
FN:562,(anonymous_99)
FN:566,(anonymous_100)
FN:570,(anonymous_101)
FN:581,(anonymous_102)
FN:585,(anonymous_103)
FN:589,(anonymous_104)
FN:593,(anonymous_105)
FN:603,(anonymous_106)
FN:607,(anonymous_107)
FN:611,(anonymous_108)
FN:615,(anonymous_109)
FN:619,(anonymous_110)
FN:623,(anonymous_111)
FN:627,(anonymous_112)
FN:631,(anonymous_113)
FN:635,(anonymous_114)
FN:639,(anonymous_115)
FN:643,(anonymous_116)
FN:647,(anonymous_117)
FN:651,(anonymous_118)
FN:655,(anonymous_119)
FN:659,(anonymous_120)
FN:663,(anonymous_121)
FN:673,(anonymous_122)
FN:677,(anonymous_123)
FN:681,(anonymous_124)
FN:685,(anonymous_125)
FN:689,(anonymous_126)
FN:693,(anonymous_127)
FN:697,(anonymous_128)
FN:701,(anonymous_129)
FN:705,(anonymous_130)
FN:709,(anonymous_131)
FN:713,(anonymous_132)
FN:717,(anonymous_133)
FN:721,(anonymous_134)
FN:725,(anonymous_135)
FN:729,(anonymous_136)
FN:733,(anonymous_137)
FN:737,(anonymous_138)
FN:741,(anonymous_139)
FN:745,(anonymous_140)
FN:749,(anonymous_141)
FN:759,(anonymous_142)
FN:763,(anonymous_143)
FN:767,(anonymous_144)
FN:771,(anonymous_145)
FN:775,(anonymous_146)
FN:779,(anonymous_147)
FN:783,(anonymous_148)
FN:787,(anonymous_149)
FN:791,(anonymous_150)
FN:795,(anonymous_151)
FN:799,(anonymous_152)
FN:803,(anonymous_153)
FN:813,(anonymous_154)
FN:817,(anonymous_155)
FN:821,(anonymous_156)
FN:825,(anonymous_157)
FN:829,(anonymous_158)
FN:833,(anonymous_159)
FN:837,(anonymous_160)
FN:841,(anonymous_161)
FN:845,(anonymous_162)
FN:849,(anonymous_163)
FN:853,(anonymous_164)
FN:857,(anonymous_165)
FN:861,(anonymous_166)
FN:865,(anonymous_167)
FN:869,(anonymous_168)
FN:873,(anonymous_169)
FN:902,(anonymous_170)
FN:903,(anonymous_171)
FN:949,(anonymous_172)
FN:957,(anonymous_173)
FN:965,(anonymous_174)
FN:973,(anonymous_175)
FN:981,(anonymous_176)
FN:989,(anonymous_177)
FN:997,(anonymous_178)
FN:1005,(anonymous_179)
FN:1038,(anonymous_180)
FN:1046,(anonymous_181)
FN:1054,(anonymous_182)
FN:1062,(anonymous_183)
FN:1070,(anonymous_184)
FN:1078,(anonymous_185)
FN:1111,(anonymous_186)
FN:1119,(anonymous_187)
FN:1232,(anonymous_188)
FN:1240,(anonymous_189)
FN:1366,(anonymous_190)
FN:1375,(anonymous_191)
FN:1384,(anonymous_192)
FN:1393,(anonymous_193)
FN:1397,(anonymous_194)
FN:1401,(anonymous_195)
FN:1405,(anonymous_196)
FN:1409,(anonymous_197)
FN:1413,(anonymous_198)
FN:1417,(anonymous_199)
FN:1421,(anonymous_200)
FN:1425,(anonymous_201)
FN:1429,(anonymous_202)
FN:1433,(anonymous_203)
FN:1437,(anonymous_204)
FN:1441,(anonymous_205)
FN:1445,(anonymous_206)
FN:1449,(anonymous_207)
FN:1453,(anonymous_208)
FN:1457,(anonymous_209)
FN:1467,(anonymous_210)
FN:1471,(anonymous_211)
FN:1475,(anonymous_212)
FN:1479,(anonymous_213)
FN:1483,(anonymous_214)
FN:1487,(anonymous_215)
FN:1491,(anonymous_216)
FN:1495,(anonymous_217)
FN:1499,(anonymous_218)
FN:1503,(anonymous_219)
FN:1507,(anonymous_220)
FN:1511,(anonymous_221)
FN:1521,(anonymous_222)
FN:1525,(anonymous_223)
FN:1529,(anonymous_224)
FN:1533,(anonymous_225)
FN:1543,(anonymous_226)
FN:1547,(anonymous_227)
FN:1551,(anonymous_228)
FN:1555,(anonymous_229)
FN:1559,(anonymous_230)
FN:1563,(anonymous_231)
FN:1567,(anonymous_232)
FN:1571,(anonymous_233)
FN:1575,(anonymous_234)
FN:1579,(anonymous_235)
FN:1583,(anonymous_236)
FN:1587,(anonymous_237)
FN:1591,(anonymous_238)
FN:1595,(anonymous_239)
FN:1599,(anonymous_240)
FN:1603,(anonymous_241)
FN:1613,(anonymous_242)
FN:1617,(anonymous_243)
FN:1621,(anonymous_244)
FN:1625,(anonymous_245)
FN:1629,(anonymous_246)
FN:1633,(anonymous_247)
FN:1637,(anonymous_248)
FN:1641,(anonymous_249)
FN:1651,(anonymous_250)
FN:1655,(anonymous_251)
FN:1659,(anonymous_252)
FN:1663,(anonymous_253)
FN:1673,(anonymous_254)
FN:1677,(anonymous_255)
FN:1681,(anonymous_256)
FN:1685,(anonymous_257)
FN:1689,(anonymous_258)
FN:1693,(anonymous_259)
FN:1697,(anonymous_260)
FN:1701,(anonymous_261)
FN:1705,(anonymous_262)
FN:1709,(anonymous_263)
FN:1713,(anonymous_264)
FN:1717,(anonymous_265)
FN:1721,(anonymous_266)
FN:1725,(anonymous_267)
FN:1729,(anonymous_268)
FN:1733,(anonymous_269)
FN:1743,(anonymous_270)
FN:1747,(anonymous_271)
FN:1751,(anonymous_272)
FN:1755,(anonymous_273)
FN:1771,(anonymous_274)
FN:1775,(anonymous_275)
FN:1779,(anonymous_276)
FN:1783,(anonymous_277)
FN:1787,(anonymous_278)
FN:1791,(anonymous_279)
FN:1795,(anonymous_280)
FN:1799,(anonymous_281)
FN:1803,(anonymous_282)
FN:1807,(anonymous_283)
FN:1811,(anonymous_284)
FN:1815,(anonymous_285)
FN:1826,(anonymous_286)
FN:1830,(anonymous_287)
FN:1834,(anonymous_288)
FN:1838,(anonymous_289)
FN:1848,(anonymous_290)
FN:1852,(anonymous_291)
FN:1856,(anonymous_292)
FN:1860,(anonymous_293)
FN:1864,(anonymous_294)
FN:1868,(anonymous_295)
FN:1872,(anonymous_296)
FN:1876,(anonymous_297)
FN:1880,(anonymous_298)
FN:1884,(anonymous_299)
FN:1888,(anonymous_300)
FN:1892,(anonymous_301)
FN:1896,(anonymous_302)
FN:1900,(anonymous_303)
FN:1904,(anonymous_304)
FN:1908,(anonymous_305)
FN:1918,(anonymous_306)
FN:1922,(anonymous_307)
FN:1926,(anonymous_308)
FN:1930,(anonymous_309)
FN:1934,(anonymous_310)
FN:1938,(anonymous_311)
FN:1942,(anonymous_312)
FN:1946,(anonymous_313)
FN:1950,(anonymous_314)
FN:1954,(anonymous_315)
FN:1958,(anonymous_316)
FN:1962,(anonymous_317)
FN:1966,(anonymous_318)
FN:1970,(anonymous_319)
FN:1974,(anonymous_320)
FN:1978,(anonymous_321)
FN:1988,(anonymous_322)
FN:1992,(anonymous_323)
FN:1996,(anonymous_324)
FN:2000,(anonymous_325)
FN:2004,(anonymous_326)
FN:2008,(anonymous_327)
FN:2012,(anonymous_328)
FN:2016,(anonymous_329)
FN:2020,(anonymous_330)
FN:2024,(anonymous_331)
FN:2028,(anonymous_332)
FN:2032,(anonymous_333)
FN:2036,(anonymous_334)
FN:2040,(anonymous_335)
FN:2044,(anonymous_336)
FN:2048,(anonymous_337)
FN:2058,(anonymous_338)
FN:2062,(anonymous_339)
FN:2066,(anonymous_340)
FN:2070,(anonymous_341)
FN:2074,(anonymous_342)
FN:2078,(anonymous_343)
FN:2082,(anonymous_344)
FN:2086,(anonymous_345)
FN:2090,(anonymous_346)
FN:2094,(anonymous_347)
FN:2098,(anonymous_348)
FN:2102,(anonymous_349)
FN:2106,(anonymous_350)
FN:2110,(anonymous_351)
FN:2114,(anonymous_352)
FN:2118,(anonymous_353)
FN:2147,(anonymous_354)
FN:2148,(anonymous_355)
FN:2173,(anonymous_356)
FN:2181,(anonymous_357)
FN:2189,(anonymous_358)
FN:2197,(anonymous_359)
FN:2205,(anonymous_360)
FN:2213,(anonymous_361)
FN:2221,(anonymous_362)
FN:2229,(anonymous_363)
FN:2237,(anonymous_364)
FN:2245,(anonymous_365)
FN:2253,(anonymous_366)
FN:2261,(anonymous_367)
FN:2269,(anonymous_368)
FN:2277,(anonymous_369)
FN:2285,(anonymous_370)
FN:2293,(anonymous_371)
FN:2301,(anonymous_372)
FN:2309,(anonymous_373)
FN:2317,(anonymous_374)
FN:2325,(anonymous_375)
FN:2333,(anonymous_376)
FN:2341,(anonymous_377)
FN:2349,(anonymous_378)
FN:2357,(anonymous_379)
FN:2478,(anonymous_380)
FN:2487,(anonymous_381)
FN:2496,(anonymous_382)
FN:2500,(anonymous_383)
FN:2504,(anonymous_384)
FN:2508,(anonymous_385)
FN:2512,(anonymous_386)
FN:2516,(anonymous_387)
FN:2520,(anonymous_388)
FN:2524,(anonymous_389)
FN:2528,(anonymous_390)
FN:2532,(anonymous_391)
FN:2536,(anonymous_392)
FN:2540,(anonymous_393)
FN:2544,(anonymous_394)
FN:2548,(anonymous_395)
FN:2552,(anonymous_396)
FN:2556,(anonymous_397)
FN:2560,(anonymous_398)
FN:2564,(anonymous_399)
FN:2568,(anonymous_400)
FN:2572,(anonymous_401)
FN:2576,(anonymous_402)
FN:2580,(anonymous_403)
FN:2584,(anonymous_404)
FN:2588,(anonymous_405)
FN:2592,(anonymous_406)
FN:2596,(anonymous_407)
FN:2600,(anonymous_408)
FN:2604,(anonymous_409)
FN:2608,(anonymous_410)
FN:2612,(anonymous_411)
FN:2616,(anonymous_412)
FN:2620,(anonymous_413)
FN:2624,(anonymous_414)
FN:2628,(anonymous_415)
FN:2632,(anonymous_416)
FN:2636,(anonymous_417)
FN:2640,(anonymous_418)
FN:2644,(anonymous_419)
FN:2648,(anonymous_420)
FN:2652,(anonymous_421)
FN:2656,(anonymous_422)
FN:2660,(anonymous_423)
FN:2664,(anonymous_424)
FN:2668,(anonymous_425)
FN:2672,(anonymous_426)
FN:2676,(anonymous_427)
FN:2680,(anonymous_428)
FN:2684,(anonymous_429)
FN:2688,(anonymous_430)
FN:2692,(anonymous_431)
FN:2696,(anonymous_432)
FN:2700,(anonymous_433)
FN:2704,(anonymous_434)
FN:2708,(anonymous_435)
FN:2712,(anonymous_436)
FN:2718,(anonymous_437)
FN:2722,(anonymous_438)
FN:2726,(anonymous_439)
FN:2730,(anonymous_440)
FN:2734,(anonymous_441)
FN:2738,(anonymous_442)
FN:2748,(anonymous_443)
FN:2752,(anonymous_444)
FN:2756,(anonymous_445)
FN:2760,(anonymous_446)
FN:2764,(anonymous_447)
FN:2768,(anonymous_448)
FN:2777,(anonymous_449)
FN:2781,(anonymous_450)
FN:2785,(anonymous_451)
FN:2789,(anonymous_452)
FN:2800,(anonymous_453)
FN:2804,(anonymous_454)
FN:2808,(anonymous_455)
FN:2812,(anonymous_456)
FN:2816,(anonymous_457)
FN:2820,(anonymous_458)
FN:2824,(anonymous_459)
FN:2828,(anonymous_460)
FN:2832,(anonymous_461)
FN:2838,(anonymous_462)
FN:2842,(anonymous_463)
FN:2846,(anonymous_464)
FN:2850,(anonymous_465)
FN:2854,(anonymous_466)
FN:2858,(anonymous_467)
FN:2862,(anonymous_468)
FN:2866,(anonymous_469)
FN:2870,(anonymous_470)
FN:2874,(anonymous_471)
FN:2878,(anonymous_472)
FN:2882,(anonymous_473)
FN:2886,(anonymous_474)
FN:2890,(anonymous_475)
FN:2894,(anonymous_476)
FN:2898,(anonymous_477)
FN:2902,(anonymous_478)
FN:2906,(anonymous_479)
FN:2910,(anonymous_480)
FN:2914,(anonymous_481)
FN:2918,(anonymous_482)
FN:2922,(anonymous_483)
FN:2926,(anonymous_484)
FN:2930,(anonymous_485)
FN:2934,(anonymous_486)
FN:2938,(anonymous_487)
FN:2942,(anonymous_488)
FN:2946,(anonymous_489)
FN:2950,(anonymous_490)
FN:2954,(anonymous_491)
FN:2958,(anonymous_492)
FN:2962,(anonymous_493)
FN:2966,(anonymous_494)
FN:2970,(anonymous_495)
FN:2974,(anonymous_496)
FN:2978,(anonymous_497)
FN:2984,(anonymous_498)
FN:2988,(anonymous_499)
FN:2992,(anonymous_500)
FN:2996,(anonymous_501)
FN:3000,(anonymous_502)
FN:3004,(anonymous_503)
FN:3025,(anonymous_504)
FN:3026,(anonymous_505)
FN:3152,(anonymous_506)
FN:3161,(anonymous_507)
FN:3172,(anonymous_508)
FN:3181,(anonymous_509)
FN:3185,(anonymous_510)
FN:3189,(anonymous_511)
FN:3193,(anonymous_512)
FN:3197,(anonymous_513)
FN:3201,(anonymous_514)
FN:3205,(anonymous_515)
FN:3209,(anonymous_516)
FN:3213,(anonymous_517)
FN:3217,(anonymous_518)
FN:3221,(anonymous_519)
FN:3225,(anonymous_520)
FN:3229,(anonymous_521)
FN:3233,(anonymous_522)
FN:3237,(anonymous_523)
FN:3241,(anonymous_524)
FN:3245,(anonymous_525)
FN:3249,(anonymous_526)
FN:3253,(anonymous_527)
FN:3257,(anonymous_528)
FN:3261,(anonymous_529)
FN:3265,(anonymous_530)
FN:3269,(anonymous_531)
FN:3273,(anonymous_532)
FN:3277,(anonymous_533)
FN:3281,(anonymous_534)
FN:3285,(anonymous_535)
FN:3289,(anonymous_536)
FN:3293,(anonymous_537)
FN:3297,(anonymous_538)
FN:3301,(anonymous_539)
FN:3305,(anonymous_540)
FN:3309,(anonymous_541)
FN:3313,(anonymous_542)
FN:3317,(anonymous_543)
FN:3321,(anonymous_544)
FN:3325,(anonymous_545)
FN:3329,(anonymous_546)
FN:3333,(anonymous_547)
FN:3337,(anonymous_548)
FN:3341,(anonymous_549)
FN:3345,(anonymous_550)
FN:3349,(anonymous_551)
FN:3353,(anonymous_552)
FN:3357,(anonymous_553)
FN:3361,(anonymous_554)
FN:3365,(anonymous_555)
FN:3369,(anonymous_556)
FN:3373,(anonymous_557)
FN:3377,(anonymous_558)
FN:3381,(anonymous_559)
FN:3385,(anonymous_560)
FN:3389,(anonymous_561)
FN:3393,(anonymous_562)
FN:3397,(anonymous_563)
FN:3401,(anonymous_564)
FN:3405,(anonymous_565)
FN:3409,(anonymous_566)
FN:3413,(anonymous_567)
FN:3417,(anonymous_568)
FN:3421,(anonymous_569)
FN:3425,(anonymous_570)
FN:3429,(anonymous_571)
FN:3433,(anonymous_572)
FN:3437,(anonymous_573)
FN:3441,(anonymous_574)
FN:3445,(anonymous_575)
FN:3449,(anonymous_576)
FN:3453,(anonymous_577)
FN:3457,(anonymous_578)
FN:3461,(anonymous_579)
FN:3465,(anonymous_580)
FN:3469,(anonymous_581)
FN:3473,(anonymous_582)
FN:3477,(anonymous_583)
FN:3481,(anonymous_584)
FN:3485,(anonymous_585)
FN:3489,(anonymous_586)
FN:3493,(anonymous_587)
FN:3497,(anonymous_588)
FN:3501,(anonymous_589)
FN:3505,(anonymous_590)
FN:3509,(anonymous_591)
FN:3513,(anonymous_592)
FN:3517,(anonymous_593)
FN:3521,(anonymous_594)
FN:3525,(anonymous_595)
FN:3536,(anonymous_596)
FN:3540,(anonymous_597)
FN:3544,(anonymous_598)
FN:3548,(anonymous_599)
FN:3552,(anonymous_600)
FN:3556,(anonymous_601)
FN:3567,(anonymous_602)
FN:3571,(anonymous_603)
FN:3575,(anonymous_604)
FN:3579,(anonymous_605)
FN:3583,(anonymous_606)
FN:3587,(anonymous_607)
FN:3591,(anonymous_608)
FN:3595,(anonymous_609)
FN:3599,(anonymous_610)
FN:3603,(anonymous_611)
FN:3607,(anonymous_612)
FN:3611,(anonymous_613)
FN:3615,(anonymous_614)
FN:3619,(anonymous_615)
FN:3623,(anonymous_616)
FN:3627,(anonymous_617)
FN:3631,(anonymous_618)
FN:3635,(anonymous_619)
FN:3639,(anonymous_620)
FN:3643,(anonymous_621)
FN:3647,(anonymous_622)
FN:3651,(anonymous_623)
FN:3655,(anonymous_624)
FN:3659,(anonymous_625)
FN:3663,(anonymous_626)
FN:3667,(anonymous_627)
FN:3671,(anonymous_628)
FN:3675,(anonymous_629)
FN:3679,(anonymous_630)
FN:3683,(anonymous_631)
FN:3687,(anonymous_632)
FN:3691,(anonymous_633)
FN:3695,(anonymous_634)
FN:3699,(anonymous_635)
FN:3703,(anonymous_636)
FN:3707,(anonymous_637)
FN:3711,(anonymous_638)
FN:3715,(anonymous_639)
FN:3719,(anonymous_640)
FN:3723,(anonymous_641)
FN:3727,(anonymous_642)
FN:3731,(anonymous_643)
FN:3735,(anonymous_644)
FN:3739,(anonymous_645)
FN:3743,(anonymous_646)
FN:3747,(anonymous_647)
FN:3751,(anonymous_648)
FN:3755,(anonymous_649)
FN:3759,(anonymous_650)
FN:3763,(anonymous_651)
FN:3767,(anonymous_652)
FN:3771,(anonymous_653)
FN:3775,(anonymous_654)
FN:3779,(anonymous_655)
FN:3783,(anonymous_656)
FN:3787,(anonymous_657)
FN:3791,(anonymous_658)
FN:3795,(anonymous_659)
FN:3799,(anonymous_660)
FN:3803,(anonymous_661)
FN:3807,(anonymous_662)
FN:3811,(anonymous_663)
FN:3815,(anonymous_664)
FN:3819,(anonymous_665)
FN:3823,(anonymous_666)
FN:3827,(anonymous_667)
FN:3831,(anonymous_668)
FN:3835,(anonymous_669)
FN:3865,(anonymous_670)
FN:3866,(anonymous_671)
FNF:669
FNH:611
FNDA:10,_getRequireWildcardCache
FNDA:96,(anonymous_4)
FNDA:96,(anonymous_5)
FNDA:0,(anonymous_6)
FNDA:0,(anonymous_7)
FNDA:0,(anonymous_8)
FNDA:0,(anonymous_9)
FNDA:1,(anonymous_10)
FNDA:1,(anonymous_11)
FNDA:1,(anonymous_12)
FNDA:1,(anonymous_13)
FNDA:1,(anonymous_14)
FNDA:1,(anonymous_15)
FNDA:1,(anonymous_16)
FNDA:1,(anonymous_17)
FNDA:1,(anonymous_18)
FNDA:1,(anonymous_19)
FNDA:1,(anonymous_20)
FNDA:1,(anonymous_21)
FNDA:1,(anonymous_22)
FNDA:1,(anonymous_23)
FNDA:1,(anonymous_24)
FNDA:1,(anonymous_25)
FNDA:1,(anonymous_26)
FNDA:1,(anonymous_27)
FNDA:1,(anonymous_28)
FNDA:1,(anonymous_29)
FNDA:1,(anonymous_30)
FNDA:1,(anonymous_31)
FNDA:1,(anonymous_32)
FNDA:1,(anonymous_33)
FNDA:1,(anonymous_34)
FNDA:1,(anonymous_35)
FNDA:1,(anonymous_36)
FNDA:1,(anonymous_37)
FNDA:1,(anonymous_38)
FNDA:1,(anonymous_39)
FNDA:1,(anonymous_40)
FNDA:1,(anonymous_41)
FNDA:1,(anonymous_42)
FNDA:1,(anonymous_43)
FNDA:1,(anonymous_44)
FNDA:1,(anonymous_45)
FNDA:1,(anonymous_46)
FNDA:1,(anonymous_47)
FNDA:1,(anonymous_48)
FNDA:1,(anonymous_49)
FNDA:1,(anonymous_50)
FNDA:1,(anonymous_51)
FNDA:1,(anonymous_52)
FNDA:1,(anonymous_53)
FNDA:1,(anonymous_54)
FNDA:1,(anonymous_55)
FNDA:1,(anonymous_56)
FNDA:1,(anonymous_57)
FNDA:1,(anonymous_58)
FNDA:1,(anonymous_59)
FNDA:1,(anonymous_60)
FNDA:1,(anonymous_61)
FNDA:1,(anonymous_62)
FNDA:1,(anonymous_63)
FNDA:1,(anonymous_64)
FNDA:1,(anonymous_65)
FNDA:1,(anonymous_66)
FNDA:1,(anonymous_67)
FNDA:1,(anonymous_68)
FNDA:1,(anonymous_69)
FNDA:1,(anonymous_70)
FNDA:1,(anonymous_71)
FNDA:1,(anonymous_72)
FNDA:1,(anonymous_73)
FNDA:1,(anonymous_74)
FNDA:1,(anonymous_75)
FNDA:1,(anonymous_76)
FNDA:1,(anonymous_77)
FNDA:1,(anonymous_78)
FNDA:1,(anonymous_79)
FNDA:1,(anonymous_80)
FNDA:1,(anonymous_81)
FNDA:1,(anonymous_82)
FNDA:1,(anonymous_83)
FNDA:1,(anonymous_84)
FNDA:1,(anonymous_85)
FNDA:1,(anonymous_86)
FNDA:1,(anonymous_87)
FNDA:1,(anonymous_88)
FNDA:1,(anonymous_89)
FNDA:1,(anonymous_90)
FNDA:1,(anonymous_91)
FNDA:1,(anonymous_92)
FNDA:1,(anonymous_93)
FNDA:1,(anonymous_94)
FNDA:1,(anonymous_95)
FNDA:1,(anonymous_96)
FNDA:1,(anonymous_97)
FNDA:1,(anonymous_98)
FNDA:1,(anonymous_99)
FNDA:1,(anonymous_100)
FNDA:1,(anonymous_101)
FNDA:1,(anonymous_102)
FNDA:1,(anonymous_103)
FNDA:1,(anonymous_104)
FNDA:1,(anonymous_105)
FNDA:1,(anonymous_106)
FNDA:1,(anonymous_107)
FNDA:1,(anonymous_108)
FNDA:1,(anonymous_109)
FNDA:1,(anonymous_110)
FNDA:1,(anonymous_111)
FNDA:1,(anonymous_112)
FNDA:1,(anonymous_113)
FNDA:1,(anonymous_114)
FNDA:1,(anonymous_115)
FNDA:1,(anonymous_116)
FNDA:1,(anonymous_117)
FNDA:1,(anonymous_118)
FNDA:1,(anonymous_119)
FNDA:1,(anonymous_120)
FNDA:1,(anonymous_121)
FNDA:1,(anonymous_122)
FNDA:1,(anonymous_123)
FNDA:1,(anonymous_124)
FNDA:1,(anonymous_125)
FNDA:1,(anonymous_126)
FNDA:1,(anonymous_127)
FNDA:1,(anonymous_128)
FNDA:1,(anonymous_129)
FNDA:1,(anonymous_130)
FNDA:1,(anonymous_131)
FNDA:1,(anonymous_132)
FNDA:1,(anonymous_133)
FNDA:1,(anonymous_134)
FNDA:1,(anonymous_135)
FNDA:1,(anonymous_136)
FNDA:1,(anonymous_137)
FNDA:1,(anonymous_138)
FNDA:1,(anonymous_139)
FNDA:1,(anonymous_140)
FNDA:1,(anonymous_141)
FNDA:1,(anonymous_142)
FNDA:1,(anonymous_143)
FNDA:1,(anonymous_144)
FNDA:1,(anonymous_145)
FNDA:1,(anonymous_146)
FNDA:1,(anonymous_147)
FNDA:1,(anonymous_148)
FNDA:1,(anonymous_149)
FNDA:1,(anonymous_150)
FNDA:1,(anonymous_151)
FNDA:1,(anonymous_152)
FNDA:1,(anonymous_153)
FNDA:1,(anonymous_154)
FNDA:1,(anonymous_155)
FNDA:1,(anonymous_156)
FNDA:1,(anonymous_157)
FNDA:1,(anonymous_158)
FNDA:1,(anonymous_159)
FNDA:1,(anonymous_160)
FNDA:1,(anonymous_161)
FNDA:1,(anonymous_162)
FNDA:1,(anonymous_163)
FNDA:1,(anonymous_164)
FNDA:1,(anonymous_165)
FNDA:1,(anonymous_166)
FNDA:1,(anonymous_167)
FNDA:1,(anonymous_168)
FNDA:1,(anonymous_169)
FNDA:41,(anonymous_170)
FNDA:164,(anonymous_171)
FNDA:0,(anonymous_172)
FNDA:0,(anonymous_173)
FNDA:0,(anonymous_174)
FNDA:0,(anonymous_175)
FNDA:0,(anonymous_176)
FNDA:0,(anonymous_177)
FNDA:0,(anonymous_178)
FNDA:0,(anonymous_179)
FNDA:0,(anonymous_180)
FNDA:0,(anonymous_181)
FNDA:0,(anonymous_182)
FNDA:0,(anonymous_183)
FNDA:0,(anonymous_184)
FNDA:0,(anonymous_185)
FNDA:0,(anonymous_186)
FNDA:0,(anonymous_187)
FNDA:0,(anonymous_188)
FNDA:0,(anonymous_189)
FNDA:0,(anonymous_190)
FNDA:0,(anonymous_191)
FNDA:0,(anonymous_192)
FNDA:0,(anonymous_193)
FNDA:1,(anonymous_194)
FNDA:1,(anonymous_195)
FNDA:1,(anonymous_196)
FNDA:1,(anonymous_197)
FNDA:1,(anonymous_198)
FNDA:1,(anonymous_199)
FNDA:1,(anonymous_200)
FNDA:1,(anonymous_201)
FNDA:1,(anonymous_202)
FNDA:1,(anonymous_203)
FNDA:1,(anonymous_204)
FNDA:1,(anonymous_205)
FNDA:1,(anonymous_206)
FNDA:1,(anonymous_207)
FNDA:1,(anonymous_208)
FNDA:1,(anonymous_209)
FNDA:1,(anonymous_210)
FNDA:1,(anonymous_211)
FNDA:1,(anonymous_212)
FNDA:1,(anonymous_213)
FNDA:1,(anonymous_214)
FNDA:1,(anonymous_215)
FNDA:1,(anonymous_216)
FNDA:1,(anonymous_217)
FNDA:1,(anonymous_218)
FNDA:1,(anonymous_219)
FNDA:1,(anonymous_220)
FNDA:1,(anonymous_221)
FNDA:1,(anonymous_222)
FNDA:1,(anonymous_223)
FNDA:1,(anonymous_224)
FNDA:1,(anonymous_225)
FNDA:1,(anonymous_226)
FNDA:1,(anonymous_227)
FNDA:1,(anonymous_228)
FNDA:1,(anonymous_229)
FNDA:1,(anonymous_230)
FNDA:1,(anonymous_231)
FNDA:1,(anonymous_232)
FNDA:1,(anonymous_233)
FNDA:1,(anonymous_234)
FNDA:1,(anonymous_235)
FNDA:1,(anonymous_236)
FNDA:1,(anonymous_237)
FNDA:1,(anonymous_238)
FNDA:1,(anonymous_239)
FNDA:1,(anonymous_240)
FNDA:1,(anonymous_241)
FNDA:1,(anonymous_242)
FNDA:1,(anonymous_243)
FNDA:1,(anonymous_244)
FNDA:1,(anonymous_245)
FNDA:1,(anonymous_246)
FNDA:1,(anonymous_247)
FNDA:1,(anonymous_248)
FNDA:1,(anonymous_249)
FNDA:1,(anonymous_250)
FNDA:1,(anonymous_251)
FNDA:1,(anonymous_252)
FNDA:1,(anonymous_253)
FNDA:1,(anonymous_254)
FNDA:1,(anonymous_255)
FNDA:1,(anonymous_256)
FNDA:1,(anonymous_257)
FNDA:1,(anonymous_258)
FNDA:1,(anonymous_259)
FNDA:1,(anonymous_260)
FNDA:1,(anonymous_261)
FNDA:1,(anonymous_262)
FNDA:1,(anonymous_263)
FNDA:1,(anonymous_264)
FNDA:1,(anonymous_265)
FNDA:1,(anonymous_266)
FNDA:1,(anonymous_267)
FNDA:1,(anonymous_268)
FNDA:1,(anonymous_269)
FNDA:1,(anonymous_270)
FNDA:1,(anonymous_271)
FNDA:1,(anonymous_272)
FNDA:1,(anonymous_273)
FNDA:1,(anonymous_274)
FNDA:1,(anonymous_275)
FNDA:1,(anonymous_276)
FNDA:1,(anonymous_277)
FNDA:1,(anonymous_278)
FNDA:1,(anonymous_279)
FNDA:1,(anonymous_280)
FNDA:1,(anonymous_281)
FNDA:1,(anonymous_282)
FNDA:1,(anonymous_283)
FNDA:1,(anonymous_284)
FNDA:1,(anonymous_285)
FNDA:1,(anonymous_286)
FNDA:1,(anonymous_287)
FNDA:1,(anonymous_288)
FNDA:1,(anonymous_289)
FNDA:1,(anonymous_290)
FNDA:1,(anonymous_291)
FNDA:1,(anonymous_292)
FNDA:1,(anonymous_293)
FNDA:1,(anonymous_294)
FNDA:1,(anonymous_295)
FNDA:1,(anonymous_296)
FNDA:1,(anonymous_297)
FNDA:1,(anonymous_298)
FNDA:1,(anonymous_299)
FNDA:1,(anonymous_300)
FNDA:1,(anonymous_301)
FNDA:1,(anonymous_302)
FNDA:1,(anonymous_303)
FNDA:1,(anonymous_304)
FNDA:1,(anonymous_305)
FNDA:1,(anonymous_306)
FNDA:1,(anonymous_307)
FNDA:1,(anonymous_308)
FNDA:1,(anonymous_309)
FNDA:1,(anonymous_310)
FNDA:1,(anonymous_311)
FNDA:1,(anonymous_312)
FNDA:1,(anonymous_313)
FNDA:1,(anonymous_314)
FNDA:1,(anonymous_315)
FNDA:1,(anonymous_316)
FNDA:1,(anonymous_317)
FNDA:1,(anonymous_318)
FNDA:1,(anonymous_319)
FNDA:1,(anonymous_320)
FNDA:1,(anonymous_321)
FNDA:1,(anonymous_322)
FNDA:1,(anonymous_323)
FNDA:1,(anonymous_324)
FNDA:1,(anonymous_325)
FNDA:1,(anonymous_326)
FNDA:1,(anonymous_327)
FNDA:1,(anonymous_328)
FNDA:1,(anonymous_329)
FNDA:1,(anonymous_330)
FNDA:1,(anonymous_331)
FNDA:1,(anonymous_332)
FNDA:1,(anonymous_333)
FNDA:1,(anonymous_334)
FNDA:1,(anonymous_335)
FNDA:1,(anonymous_336)
FNDA:1,(anonymous_337)
FNDA:1,(anonymous_338)
FNDA:1,(anonymous_339)
FNDA:1,(anonymous_340)
FNDA:1,(anonymous_341)
FNDA:1,(anonymous_342)
FNDA:1,(anonymous_343)
FNDA:1,(anonymous_344)
FNDA:1,(anonymous_345)
FNDA:1,(anonymous_346)
FNDA:1,(anonymous_347)
FNDA:1,(anonymous_348)
FNDA:1,(anonymous_349)
FNDA:1,(anonymous_350)
FNDA:1,(anonymous_351)
FNDA:1,(anonymous_352)
FNDA:1,(anonymous_353)
FNDA:41,(anonymous_354)
FNDA:164,(anonymous_355)
FNDA:0,(anonymous_356)
FNDA:0,(anonymous_357)
FNDA:0,(anonymous_358)
FNDA:0,(anonymous_359)
FNDA:0,(anonymous_360)
FNDA:0,(anonymous_361)
FNDA:0,(anonymous_362)
FNDA:0,(anonymous_363)
FNDA:0,(anonymous_364)
FNDA:0,(anonymous_365)
FNDA:0,(anonymous_366)
FNDA:0,(anonymous_367)
FNDA:0,(anonymous_368)
FNDA:0,(anonymous_369)
FNDA:0,(anonymous_370)
FNDA:0,(anonymous_371)
FNDA:0,(anonymous_372)
FNDA:0,(anonymous_373)
FNDA:0,(anonymous_374)
FNDA:0,(anonymous_375)
FNDA:0,(anonymous_376)
FNDA:0,(anonymous_377)
FNDA:0,(anonymous_378)
FNDA:0,(anonymous_379)
FNDA:0,(anonymous_380)
FNDA:0,(anonymous_381)
FNDA:0,(anonymous_382)
FNDA:1,(anonymous_383)
FNDA:1,(anonymous_384)
FNDA:1,(anonymous_385)
FNDA:1,(anonymous_386)
FNDA:1,(anonymous_387)
FNDA:1,(anonymous_388)
FNDA:1,(anonymous_389)
FNDA:1,(anonymous_390)
FNDA:1,(anonymous_391)
FNDA:1,(anonymous_392)
FNDA:1,(anonymous_393)
FNDA:1,(anonymous_394)
FNDA:1,(anonymous_395)
FNDA:1,(anonymous_396)
FNDA:1,(anonymous_397)
FNDA:1,(anonymous_398)
FNDA:1,(anonymous_399)
FNDA:1,(anonymous_400)
FNDA:1,(anonymous_401)
FNDA:1,(anonymous_402)
FNDA:1,(anonymous_403)
FNDA:1,(anonymous_404)
FNDA:1,(anonymous_405)
FNDA:1,(anonymous_406)
FNDA:1,(anonymous_407)
FNDA:1,(anonymous_408)
FNDA:1,(anonymous_409)
FNDA:1,(anonymous_410)
FNDA:1,(anonymous_411)
FNDA:1,(anonymous_412)
FNDA:1,(anonymous_413)
FNDA:1,(anonymous_414)
FNDA:1,(anonymous_415)
FNDA:1,(anonymous_416)
FNDA:1,(anonymous_417)
FNDA:1,(anonymous_418)
FNDA:1,(anonymous_419)
FNDA:1,(anonymous_420)
FNDA:1,(anonymous_421)
FNDA:1,(anonymous_422)
FNDA:1,(anonymous_423)
FNDA:1,(anonymous_424)
FNDA:1,(anonymous_425)
FNDA:1,(anonymous_426)
FNDA:1,(anonymous_427)
FNDA:1,(anonymous_428)
FNDA:1,(anonymous_429)
FNDA:1,(anonymous_430)
FNDA:1,(anonymous_431)
FNDA:1,(anonymous_432)
FNDA:1,(anonymous_433)
FNDA:1,(anonymous_434)
FNDA:1,(anonymous_435)
FNDA:1,(anonymous_436)
FNDA:1,(anonymous_437)
FNDA:1,(anonymous_438)
FNDA:1,(anonymous_439)
FNDA:1,(anonymous_440)
FNDA:1,(anonymous_441)
FNDA:1,(anonymous_442)
FNDA:1,(anonymous_443)
FNDA:1,(anonymous_444)
FNDA:1,(anonymous_445)
FNDA:1,(anonymous_446)
FNDA:1,(anonymous_447)
FNDA:1,(anonymous_448)
FNDA:0,(anonymous_449)
FNDA:1,(anonymous_450)
FNDA:1,(anonymous_451)
FNDA:1,(anonymous_452)
FNDA:1,(anonymous_453)
FNDA:1,(anonymous_454)
FNDA:1,(anonymous_455)
FNDA:1,(anonymous_456)
FNDA:1,(anonymous_457)
FNDA:1,(anonymous_458)
FNDA:1,(anonymous_459)
FNDA:1,(anonymous_460)
FNDA:1,(anonymous_461)
FNDA:1,(anonymous_462)
FNDA:1,(anonymous_463)
FNDA:1,(anonymous_464)
FNDA:1,(anonymous_465)
FNDA:1,(anonymous_466)
FNDA:1,(anonymous_467)
FNDA:1,(anonymous_468)
FNDA:1,(anonymous_469)
FNDA:1,(anonymous_470)
FNDA:1,(anonymous_471)
FNDA:1,(anonymous_472)
FNDA:1,(anonymous_473)
FNDA:1,(anonymous_474)
FNDA:1,(anonymous_475)
FNDA:1,(anonymous_476)
FNDA:1,(anonymous_477)
FNDA:1,(anonymous_478)
FNDA:1,(anonymous_479)
FNDA:1,(anonymous_480)
FNDA:1,(anonymous_481)
FNDA:1,(anonymous_482)
FNDA:1,(anonymous_483)
FNDA:1,(anonymous_484)
FNDA:1,(anonymous_485)
FNDA:1,(anonymous_486)
FNDA:1,(anonymous_487)
FNDA:1,(anonymous_488)
FNDA:1,(anonymous_489)
FNDA:1,(anonymous_490)
FNDA:1,(anonymous_491)
FNDA:1,(anonymous_492)
FNDA:1,(anonymous_493)
FNDA:1,(anonymous_494)
FNDA:1,(anonymous_495)
FNDA:1,(anonymous_496)
FNDA:1,(anonymous_497)
FNDA:1,(anonymous_498)
FNDA:1,(anonymous_499)
FNDA:1,(anonymous_500)
FNDA:1,(anonymous_501)
FNDA:1,(anonymous_502)
FNDA:1,(anonymous_503)
FNDA:41,(anonymous_504)
FNDA:164,(anonymous_505)
FNDA:0,(anonymous_506)
FNDA:0,(anonymous_507)
FNDA:0,(anonymous_508)
FNDA:0,(anonymous_509)
FNDA:1,(anonymous_510)
FNDA:1,(anonymous_511)
FNDA:1,(anonymous_512)
FNDA:1,(anonymous_513)
FNDA:1,(anonymous_514)
FNDA:1,(anonymous_515)
FNDA:1,(anonymous_516)
FNDA:1,(anonymous_517)
FNDA:1,(anonymous_518)
FNDA:1,(anonymous_519)
FNDA:1,(anonymous_520)
FNDA:1,(anonymous_521)
FNDA:1,(anonymous_522)
FNDA:1,(anonymous_523)
FNDA:1,(anonymous_524)
FNDA:1,(anonymous_525)
FNDA:1,(anonymous_526)
FNDA:1,(anonymous_527)
FNDA:1,(anonymous_528)
FNDA:1,(anonymous_529)
FNDA:1,(anonymous_530)
FNDA:1,(anonymous_531)
FNDA:1,(anonymous_532)
FNDA:1,(anonymous_533)
FNDA:1,(anonymous_534)
FNDA:1,(anonymous_535)
FNDA:1,(anonymous_536)
FNDA:1,(anonymous_537)
FNDA:1,(anonymous_538)
FNDA:1,(anonymous_539)
FNDA:1,(anonymous_540)
FNDA:1,(anonymous_541)
FNDA:1,(anonymous_542)
FNDA:1,(anonymous_543)
FNDA:1,(anonymous_544)
FNDA:1,(anonymous_545)
FNDA:1,(anonymous_546)
FNDA:1,(anonymous_547)
FNDA:1,(anonymous_548)
FNDA:1,(anonymous_549)
FNDA:1,(anonymous_550)
FNDA:1,(anonymous_551)
FNDA:1,(anonymous_552)
FNDA:1,(anonymous_553)
FNDA:1,(anonymous_554)
FNDA:1,(anonymous_555)
FNDA:1,(anonymous_556)
FNDA:1,(anonymous_557)
FNDA:1,(anonymous_558)
FNDA:1,(anonymous_559)
FNDA:1,(anonymous_560)
FNDA:1,(anonymous_561)
FNDA:1,(anonymous_562)
FNDA:1,(anonymous_563)
FNDA:1,(anonymous_564)
FNDA:1,(anonymous_565)
FNDA:1,(anonymous_566)
FNDA:1,(anonymous_567)
FNDA:1,(anonymous_568)
FNDA:1,(anonymous_569)
FNDA:1,(anonymous_570)
FNDA:1,(anonymous_571)
FNDA:1,(anonymous_572)
FNDA:1,(anonymous_573)
FNDA:1,(anonymous_574)
FNDA:1,(anonymous_575)
FNDA:1,(anonymous_576)
FNDA:1,(anonymous_577)
FNDA:1,(anonymous_578)
FNDA:1,(anonymous_579)
FNDA:1,(anonymous_580)
FNDA:1,(anonymous_581)
FNDA:1,(anonymous_582)
FNDA:1,(anonymous_583)
FNDA:1,(anonymous_584)
FNDA:1,(anonymous_585)
FNDA:1,(anonymous_586)
FNDA:1,(anonymous_587)
FNDA:1,(anonymous_588)
FNDA:1,(anonymous_589)
FNDA:1,(anonymous_590)
FNDA:1,(anonymous_591)
FNDA:1,(anonymous_592)
FNDA:1,(anonymous_593)
FNDA:1,(anonymous_594)
FNDA:1,(anonymous_595)
FNDA:1,(anonymous_596)
FNDA:1,(anonymous_597)
FNDA:1,(anonymous_598)
FNDA:1,(anonymous_599)
FNDA:1,(anonymous_600)
FNDA:1,(anonymous_601)
FNDA:1,(anonymous_602)
FNDA:1,(anonymous_603)
FNDA:1,(anonymous_604)
FNDA:1,(anonymous_605)
FNDA:1,(anonymous_606)
FNDA:1,(anonymous_607)
FNDA:1,(anonymous_608)
FNDA:1,(anonymous_609)
FNDA:1,(anonymous_610)
FNDA:1,(anonymous_611)
FNDA:1,(anonymous_612)
FNDA:1,(anonymous_613)
FNDA:1,(anonymous_614)
FNDA:1,(anonymous_615)
FNDA:1,(anonymous_616)
FNDA:1,(anonymous_617)
FNDA:1,(anonymous_618)
FNDA:1,(anonymous_619)
FNDA:1,(anonymous_620)
FNDA:1,(anonymous_621)
FNDA:1,(anonymous_622)
FNDA:1,(anonymous_623)
FNDA:1,(anonymous_624)
FNDA:1,(anonymous_625)
FNDA:1,(anonymous_626)
FNDA:1,(anonymous_627)
FNDA:1,(anonymous_628)
FNDA:1,(anonymous_629)
FNDA:1,(anonymous_630)
FNDA:1,(anonymous_631)
FNDA:1,(anonymous_632)
FNDA:1,(anonymous_633)
FNDA:1,(anonymous_634)
FNDA:1,(anonymous_635)
FNDA:1,(anonymous_636)
FNDA:1,(anonymous_637)
FNDA:1,(anonymous_638)
FNDA:1,(anonymous_639)
FNDA:1,(anonymous_640)
FNDA:1,(anonymous_641)
FNDA:1,(anonymous_642)
FNDA:1,(anonymous_643)
FNDA:1,(anonymous_644)
FNDA:1,(anonymous_645)
FNDA:1,(anonymous_646)
FNDA:1,(anonymous_647)
FNDA:1,(anonymous_648)
FNDA:1,(anonymous_649)
FNDA:1,(anonymous_650)
FNDA:1,(anonymous_651)
FNDA:1,(anonymous_652)
FNDA:1,(anonymous_653)
FNDA:1,(anonymous_654)
FNDA:1,(anonymous_655)
FNDA:1,(anonymous_656)
FNDA:1,(anonymous_657)
FNDA:1,(anonymous_658)
FNDA:1,(anonymous_659)
FNDA:1,(anonymous_660)
FNDA:1,(anonymous_661)
FNDA:1,(anonymous_662)
FNDA:1,(anonymous_663)
FNDA:1,(anonymous_664)
FNDA:1,(anonymous_665)
FNDA:1,(anonymous_666)
FNDA:1,(anonymous_667)
FNDA:1,(anonymous_668)
FNDA:1,(anonymous_669)
FNDA:41,(anonymous_670)
FNDA:164,(anonymous_671)
DA:1,1
DA:2,1
DA:3,1
DA:4,1
DA:5,1
DA:6,1
DA:10,1
DA:11,1
DA:12,1
DA:13,1
DA:14,1
DA:15,1
DA:16,14
DA:18,96
DA:21,96
DA:23,1
DA:127,0
DA:136,0
DA:145,0
DA:154,0
DA:164,1
DA:168,1
DA:172,1
DA:176,1
DA:180,1
DA:184,1
DA:188,1
DA:192,1
DA:196,1
DA:200,1
DA:204,1
DA:208,1
DA:212,1
DA:216,1
DA:220,1
DA:224,1
DA:234,1
DA:238,1
DA:242,1
DA:246,1
DA:250,1
DA:254,1
DA:258,1
DA:262,1
DA:266,1
DA:270,1
DA:274,1
DA:278,1
DA:288,1
DA:292,1
DA:296,1
DA:300,1
DA:310,1
DA:314,1
DA:318,1
DA:322,1
DA:326,1
[...]
DA:1,1
DA:2,1
DA:3,1
DA:4,3
DA:7,1
DA:9,1
DA:12,0
DA:23,4
DA:46,1
DA:53,1
DA:55,0
DA:56,0
DA:57,0
DA:59,0
DA:61,0
DA:62,0
DA:63,0
DA:65,0
DA:67,0
DA:68,0
DA:69,0
DA:71,0
DA:74,0
DA:76,0
DA:77,0
DA:78,0
DA:80,0
DA:81,0
DA:83,0
DA:87,1
DA:94,0
DA:95,0
DA:107,1
LF:33
LH:11
BRDA:4,0,0,4
BRDA:4,0,1,5
BRDA:56,1,0,0
BRDA:56,1,1,0
BRDA:56,2,0,0
BRDA:56,2,1,0
BRDA:59,3,0,0
BRDA:59,3,1,0
BRDA:59,3,2,0
BRDA:61,4,0,0
BRDA:61,4,1,0
BRDA:61,5,0,0
BRDA:61,5,1,0
BRDA:62,6,0,0
BRDA:62,6,1,0
BRDA:62,7,0,0
BRDA:62,7,1,0
BRDA:67,8,0,0
BRDA:67,8,1,0
BRDA:69,9,0,0
BRDA:69,9,1,0
BRDA:77,10,0,0
BRDA:77,10,1,0
BRDA:80,11,0,0
BRDA:80,11,1,0
BRF:25
BRH:2
end_of_record
TN:
SF:website/server/models/tag.js
FN:4,_interopRequireDefault
FN:11,(anonymous_1)
FN:12,(anonymous_2)
FN:32,sanitizeUpdate
FN:41,cleanupCorruptTagsData
FN:44,(anonymous_5)
FNF:6
FNH:1
FNDA:3,_interopRequireDefault
FNDA:0,(anonymous_1)
FNDA:0,(anonymous_2)
FNDA:0,sanitizeUpdate
FNDA:0,cleanupCorruptTagsData
FNDA:0,(anonymous_5)
DA:1,1
DA:2,1
DA:3,1
DA:4,3
DA:6,1
DA:8,1
DA:11,0
DA:12,0
DA:25,1
DA:31,1
DA:32,1
DA:33,0
DA:41,1
DA:42,0
DA:44,0
DA:46,0
DA:47,0
DA:51,1
LF:18
LH:11
BRDA:4,0,0,4
BRDA:4,0,1,5
BRDA:42,1,0,0
BRDA:42,1,1,0
BRDA:46,2,0,0
BRDA:46,2,1,0
BRDA:46,3,0,0
BRDA:46,3,1,0
BRDA:46,3,2,0
BRF:9
BRH:2
end_of_record
TN:
SF:website/server/models/task.js
FN:7,_interopRequireDefault
FN:41,(anonymous_1)
FN:70,(anonymous_2)
FN:75,(anonymous_3)
FN:80,(anonymous_4)
FN:94,(anonymous_5)
FN:102,(anonymous_6)
FN:113,(anonymous_7)
FN:118,(anonymous_8)
FN:122,(anonymous_9)
FN:123,(anonymous_10)
FN:129,(anonymous_11)
FN:132,(anonymous_12)
FN:142,(anonymous_13)
FN:145,(anonymous_14)
FN:161,(anonymous_15)
FN:186,findByIdOrAlias
FN:208,findMultipleByIdOrAlias
FN:220,(anonymous_18)
FN:250,sanitizeUserChallengeTask
FN:260,sanitizeUserGroupTask
FN:271,sanitizeChecklist
FN:277,sanitizeReminder
FN:283,scoreChallengeTask
FN:347,(anonymous_24)
FN:350,(anonymous_25)
FN:359,(anonymous_26)
FN:380,(anonymous_27)
FN:386,(anonymous_28)
FN:402,(anonymous_29)
FN:404,(anonymous_30)
FNF:31
FNH:3
FNDA:6,_interopRequireDefault
FNDA:0,(anonymous_1)
FNDA:0,(anonymous_2)
FNDA:0,(anonymous_3)
FNDA:0,(anonymous_4)
FNDA:0,(anonymous_5)
FNDA:0,(anonymous_6)
FNDA:0,(anonymous_7)
FNDA:0,(anonymous_8)
FNDA:0,(anonymous_9)
FNDA:0,(anonymous_10)
FNDA:0,(anonymous_11)
FNDA:0,(anonymous_12)
FNDA:0,(anonymous_13)
FNDA:0,(anonymous_14)
FNDA:0,(anonymous_15)
FNDA:0,findByIdOrAlias
FNDA:0,findMultipleByIdOrAlias
FNDA:0,(anonymous_18)
FNDA:0,sanitizeUserChallengeTask
FNDA:0,sanitizeUserGroupTask
FNDA:0,sanitizeChecklist
FNDA:0,sanitizeReminder
FNDA:0,scoreChallengeTask
FNDA:2,(anonymous_24)
FNDA:2,(anonymous_25)
FNDA:0,(anonymous_26)
FNDA:0,(anonymous_27)
FNDA:0,(anonymous_28)
FNDA:0,(anonymous_29)
FNDA:0,(anonymous_30)
DA:1,1
DA:2,1
DA:3,1
DA:4,1
DA:5,1
DA:6,1
DA:7,6
DA:9,1
DA:11,1
DA:14,1
DA:20,1
DA:21,1
DA:38,1
DA:41,0
DA:52,1
DA:60,1
DA:71,0
DA:76,0
DA:81,0
DA:87,0
DA:94,0
DA:103,0
DA:113,0
DA:118,0
DA:122,0
DA:123,0
DA:129,0
DA:132,0
DA:142,0
DA:145,0
DA:159,1
DA:162,0
DA:163,0
DA:166,0
DA:167,0
DA:169,0
DA:170,0
DA:176,0
DA:177,0
DA:180,0
DA:186,1
DA:191,0
DA:192,0
DA:194,0
DA:196,0
DA:197,0
DA:199,0
DA:200,0
DA:203,0
DA:205,0
DA:208,1
DA:213,0
DA:214,0
DA:216,0
DA:217,0
DA:218,0
DA:220,0
DA:221,0
DA:222,0
DA:224,0
DA:228,0
DA:229,0
DA:230,0
DA:234,0
DA:235,0
DA:236,0
DA:237,0
DA:238,0
DA:240,0
DA:243,0
DA:245,0
DA:250,1
DA:251,0
DA:253,0
DA:260,1
DA:261,0
DA:263,0
DA:271,1
DA:272,0
DA:273,0
DA:277,1
DA:278,0
DA:279,0
DA:283,1
DA:284,0
DA:286,0
DA:288,0
DA:290,0
DA:291,0
DA:292,0
DA:294,0
DA:298,0
DA:299,0
DA:301,0
DA:304,0
DA:305,0
DA:307,0
DA:308,0
DA:310,0
DA:314,0
DA:316,0
DA:321,0
DA:322,0
DA:323,0
DA:326,0
DA:329,0
DA:331,0
DA:336,0
DA:339,1
DA:347,2
DA:350,2
DA:359,0
DA:365,1
DA:372,1
DA:374,1
DA:380,0
DA:387,0
DA:402,0
DA:404,0
DA:409,1
DA:411,1
DA:415,1
DA:417,1
DA:418,1
LF:124
LH:34
BRDA:7,0,0,8
BRDA:7,0,1,10
BRDA:103,1,0,0
BRDA:103,1,1,0
BRDA:162,2,0,0
BRDA:162,2,1,0
BRDA:162,3,0,0
BRDA:162,3,1,0
BRDA:166,4,0,0
BRDA:166,4,1,0
BRDA:169,5,0,0
BRDA:169,5,1,0
BRDA:176,6,0,0
BRDA:176,6,1,0
BRDA:189,7,0,0
BRDA:191,8,0,0
BRDA:191,8,1,0
BRDA:192,9,0,0
BRDA:192,9,1,0
BRDA:196,10,0,0
BRDA:196,10,1,0
BRDA:211,11,0,0
BRDA:213,12,0,0
BRDA:213,12,1,0
BRDA:213,13,0,0
BRDA:213,13,1,0
BRDA:214,14,0,0
BRDA:214,14,1,0
BRDA:221,15,0,0
BRDA:221,15,1,0
BRDA:228,16,0,0
BRDA:228,16,1,0
BRDA:228,17,0,0
BRDA:228,17,1,0
BRDA:234,18,0,0
BRDA:234,18,1,0
BRDA:236,19,0,0
BRDA:236,19,1,0
BRDA:286,20,0,0
BRDA:286,20,1,0
BRDA:288,21,0,0
BRDA:288,21,1,0
BRDA:288,22,0,0
BRDA:288,22,1,0
BRDA:294,23,0,0
BRDA:294,23,1,0
BRDA:295,24,0,0
BRDA:295,24,1,0
BRDA:295,24,2,0
BRDA:301,25,0,0
BRDA:301,25,1,0
BRDA:304,26,0,0
BRDA:304,26,1,0
BRDA:305,27,0,0
BRDA:305,27,1,0
BRDA:307,28,0,0
BRDA:307,28,1,0
BRDA:321,29,0,0
BRDA:321,29,1,0
BRDA:322,30,0,0
BRDA:322,30,1,0
BRDA:323,31,0,0
BRDA:323,31,1,0
BRDA:329,32,0,0
BRDA:329,32,1,0
BRDA:380,33,0,0
BRDA:380,33,1,0
BRDA:380,33,2,0
BRF:68
BRH:2
end_of_record
TN:
SF:website/server/models/transaction.js
FN:3,_interopRequireDefault
FN:18,(anonymous_1)
FNF:2
FNH:1
FNDA:3,_interopRequireDefault
FNDA:0,(anonymous_1)
DA:1,1
DA:2,1
DA:3,3
DA:5,1
DA:7,1
DA:8,1
DA:10,1
DA:18,0
DA:27,1
DA:44,1
LF:10
LH:9
BRDA:3,0,0,4
BRDA:3,0,1,5
BRF:2
BRH:2
end_of_record
TN:
SF:website/server/models/userNotification.js
FN:5,_interopRequireDefault
FN:96,(anonymous_1)
FN:100,(anonymous_2)
FN:110,(anonymous_3)
FN:116,(anonymous_4)
FN:130,cleanupCorruptNotificationsData
FN:133,(anonymous_6)
FN:142,(anonymous_7)
FNF:8
FNH:1
FNDA:4,_interopRequireDefault
FNDA:0,(anonymous_1)
FNDA:0,(anonymous_2)
FNDA:0,(anonymous_3)
FNDA:0,(anonymous_4)
FNDA:0,cleanupCorruptNotificationsData
FNDA:0,(anonymous_6)
FNDA:0,(anonymous_7)
DA:1,1
DA:2,1
DA:3,1
DA:4,1
DA:5,4
DA:7,1
DA:91,1
DA:93,1
DA:97,0
DA:100,0
DA:110,0
DA:116,0
DA:130,1
DA:131,0
DA:133,0
DA:135,0
DA:136,0
DA:142,0
DA:143,0
DA:144,0
DA:146,0
DA:149,0
DA:152,1
DA:158,1
LF:24
LH:11
BRDA:5,0,0,5
BRDA:5,0,1,7
BRDA:131,1,0,0
BRDA:131,1,1,0
BRDA:135,2,0,0
BRDA:135,2,1,0
BRDA:135,3,0,0
BRDA:135,3,1,0
BRDA:135,3,2,0
BRDA:143,4,0,0
BRDA:143,4,1,0
BRDA:143,5,0,0
BRDA:143,5,1,0
BRF:13
BRH:2
end_of_record
TN:
SF:website/server/models/webhook.js
FN:9,_interopRequireDefault
FN:38,(anonymous_1)
FN:39,(anonymous_2)
FN:59,(anonymous_3)
FN:73,(anonymous_4)
FN:90,formatOptions
FN:96,(anonymous_6)
FN:112,(anonymous_7)
FN:122,(anonymous_8)
FNF:9
FNH:1
FNDA:6,_interopRequireDefault
FNDA:0,(anonymous_1)
FNDA:0,(anonymous_2)
FNDA:0,(anonymous_3)
FNDA:0,(anonymous_4)
FNDA:0,formatOptions
FNDA:0,(anonymous_6)
FNDA:0,(anonymous_7)
FNDA:0,(anonymous_8)
DA:1,1
DA:2,1
DA:3,1
DA:4,1
DA:5,1
DA:6,1
DA:7,1
DA:8,1
DA:9,6
DA:11,1
DA:12,1
DA:14,1
DA:22,1
DA:28,1
DA:34,1
DA:38,0
DA:39,0
DA:59,0
DA:74,0
DA:84,1
DA:90,1
DA:91,0
DA:92,0
DA:93,0
DA:95,0
DA:96,0
DA:98,0
DA:99,0
DA:101,0
DA:102,0
DA:104,0
DA:105,0
DA:107,0
DA:108,0
DA:109,0
DA:111,0
DA:112,0
DA:114,0
DA:115,0
DA:117,0
DA:118,0
DA:119,0
DA:121,0
DA:122,0
DA:124,0
DA:125,0
DA:129,0
DA:133,1
LF:48
LH:18
BRDA:9,0,0,8
BRDA:9,0,1,10
BRDA:91,1,0,0
BRDA:91,1,1,0
BRDA:98,2,0,0
BRDA:98,2,1,0
BRDA:101,3,0,0
BRDA:101,3,1,0
BRDA:104,4,0,0
BRDA:104,4,1,0
BRDA:107,5,0,0
BRDA:107,5,1,0
BRDA:114,6,0,0
BRDA:114,6,1,0
BRDA:117,7,0,0
BRDA:117,7,1,0
BRDA:124,8,0,0
BRDA:124,8,1,0
BRF:18
BRH:2
end_of_record
TN:
SF:website/server/models/user/hooks.js
FN:21,_getRequireWildcardCache
FN:28,userToJSON
FN:51,findTag
FN:52,(anonymous_6)
FN:56,_populateDefaultTasks
FN:66,(anonymous_8)
FN:91,(anonymous_9)
FN:92,(anonymous_10)
FN:99,(anonymous_11)
FN:116,(anonymous_12)
FN:117,(anonymous_13)
FN:123,pinBaseItems
FN:129,(anonymous_15)
FN:140,_setUpNewUser
FN:176,(anonymous_17)
FN:182,(anonymous_18)
FN:197,_setProfileName
FN:204,postInitUser
FN:230,preValidateUser
FN:240,preSaveUser
FN:323,(anonymous_23)
FN:381,(anonymous_24)
FN:400,(anonymous_25)
FN:407,preUpdateUser
FN:410,preUpdateUser
FN:414,postSaveUser
FNF:26
FNH:1
FNDA:6,_getRequireWildcardCache
FNDA:0,userToJSON
FNDA:0,findTag
FNDA:0,(anonymous_6)
FNDA:0,_populateDefaultTasks
FNDA:0,(anonymous_8)
FNDA:0,(anonymous_9)
FNDA:0,(anonymous_10)
FNDA:0,(anonymous_11)
FNDA:0,(anonymous_12)
FNDA:0,(anonymous_13)
FNDA:0,pinBaseItems
FNDA:0,(anonymous_15)
FNDA:0,_setUpNewUser
FNDA:0,(anonymous_17)
FNDA:0,(anonymous_18)
FNDA:0,_setProfileName
FNDA:0,postInitUser
FNDA:0,preValidateUser
FNDA:0,preSaveUser
FNDA:0,(anonymous_23)
FNDA:0,(anonymous_24)
FNDA:0,(anonymous_25)
FNDA:0,preUpdateUser
FNDA:0,preUpdateUser
FNDA:0,postSaveUser
DA:1,1
DA:2,1
DA:3,1
DA:4,1
DA:5,1
DA:6,1
DA:9,1
DA:12,1
DA:15,1
DA:18,1
DA:21,7
DA:23,1
DA:29,0
DA:31,0
DA:32,0
DA:35,0
DA:37,0
DA:38,0
DA:41,0
DA:42,0
DA:43,0
DA:44,0
DA:47,0
DA:52,0
DA:53,0
DA:58,0
DA:59,0
DA:61,0
DA:63,0
DA:65,0
DA:66,0
DA:67,0
DA:71,0
DA:73,0
DA:74,0
DA:83,0
DA:84,0
DA:86,0
DA:87,0
DA:88,0
DA:91,0
DA:92,0
DA:93,0
DA:95,0
DA:96,0
DA:97,0
DA:98,0
DA:99,0
DA:100,0
DA:101,0
DA:105,0
DA:106,0
DA:109,0
DA:112,0
DA:115,0
DA:117,0
DA:118,0
DA:124,0
DA:129,0
DA:134,0
DA:142,0
DA:143,0
DA:144,0
DA:148,0
DA:150,0
DA:151,0
DA:152,0
DA:153,0
DA:154,0
DA:155,0
DA:156,0
DA:157,0
DA:158,0
DA:159,0
DA:160,0
DA:161,0
DA:162,0
DA:163,0
DA:164,0
DA:165,0
DA:166,0
DA:167,0
DA:168,0
DA:171,0
DA:173,0
DA:174,0
DA:176,0
DA:177,0
DA:180,0
DA:182,0
DA:183,0
DA:186,0
DA:187,0
DA:189,0
DA:193,0
DA:194,0
DA:198,0
DA:199,0
DA:201,0
DA:204,1
DA:213,0
DA:214,0
DA:218,0
DA:219,0
DA:223,0
DA:224,0
DA:227,0
DA:230,1
DA:233,0
DA:234,0
DA:237,0
DA:240,1
DA:241,0
DA:253,0
DA:255,0
DA:257,0
DA:261,0
DA:262,0
DA:272,0
DA:274,0
DA:278,0
DA:279,0
DA:289,0
DA:290,0
DA:292,0
DA:296,0
DA:297,0
DA:315,0
DA:321,0
DA:323,0
DA:325,0
DA:326,0
DA:327,0
DA:330,0
DA:334,0
DA:335,0
DA:338,0
DA:339,0
DA:342,0
DA:346,0
DA:347,0
DA:348,0
DA:350,0
DA:355,0
DA:357,0
DA:359,0
DA:361,0
DA:367,0
DA:368,0
DA:373,0
DA:377,0
DA:378,0
DA:379,0
DA:381,0
DA:382,0
DA:383,0
DA:386,0
DA:387,0
DA:392,0
DA:393,0
DA:394,0
DA:398,0
DA:399,0
DA:400,0
DA:403,0
DA:407,1
DA:408,0
DA:410,1
DA:411,0
DA:414,1
DA:416,0
DA:417,0
DA:418,0
DA:419,0
DA:421,0
DA:422,0
DA:424,0
DA:430,0
LF:178
LH:18
BRDA:21,0,0,9
BRDA:21,0,1,7
BRDA:21,1,0,1
BRDA:21,1,1,1
BRDA:21,1,2,1
BRDA:31,2,0,0
BRDA:31,2,1,0
BRDA:31,3,0,0
BRDA:31,3,1,0
BRDA:37,4,0,0
BRDA:37,4,1,0
BRDA:37,5,0,0
BRDA:37,5,1,0
BRDA:41,6,0,0
BRDA:41,6,1,0
BRDA:41,7,0,0
BRDA:41,7,1,0
BRDA:41,7,2,0
BRDA:43,8,0,0
BRDA:43,8,1,0
BRDA:43,9,0,0
BRDA:43,9,1,0
BRDA:43,9,2,0
BRDA:58,10,0,0
BRDA:58,10,1,0
BRDA:58,11,0,0
BRDA:58,11,1,0
BRDA:65,12,0,0
BRDA:65,12,1,0
BRDA:84,13,0,0
BRDA:84,13,1,0
BRDA:86,14,0,0
BRDA:86,14,1,0
BRDA:97,15,0,0
BRDA:97,15,1,0
BRDA:98,16,0,0
BRDA:98,16,1,0
BRDA:105,17,0,0
BRDA:105,17,1,0
BRDA:143,18,0,0
BRDA:143,18,1,0
BRDA:153,19,0,0
BRDA:153,19,1,0
BRDA:173,20,0,0
BRDA:173,20,1,0
BRDA:186,21,0,0
BRDA:186,21,1,0
BRDA:186,22,0,0
BRDA:186,22,1,0
BRDA:198,23,0,0
BRDA:198,23,1,0
BRDA:201,24,0,0
BRDA:201,24,1,0
BRDA:213,25,0,0
BRDA:213,25,1,0
BRDA:218,26,0,0
BRDA:218,26,1,0
BRDA:223,27,0,0
BRDA:223,27,1,0
BRDA:233,28,0,0
BRDA:233,28,1,0
BRDA:233,29,0,0
BRDA:233,29,1,0
BRDA:253,30,0,0
BRDA:253,30,1,0
BRDA:253,31,0,0
BRDA:253,31,1,0
BRDA:257,32,0,0
BRDA:257,32,1,0
BRDA:258,33,0,0
BRDA:258,33,1,0
BRDA:258,33,2,0
BRDA:274,34,0,0
BRDA:274,34,1,0
BRDA:275,35,0,0
BRDA:275,35,1,0
BRDA:275,35,2,0
BRDA:290,36,0,0
BRDA:290,36,1,0
BRDA:292,37,0,0
BRDA:292,37,1,0
BRDA:293,38,0,0
BRDA:293,38,1,0
BRDA:293,38,2,0
BRDA:315,39,0,0
BRDA:315,39,1,0
BRDA:316,40,0,0
BRDA:316,40,1,0
BRDA:316,40,2,0
BRDA:316,40,3,0
BRDA:325,41,0,0
BRDA:325,41,1,0
BRDA:335,42,0,0
BRDA:335,42,1,0
BRDA:342,43,0,0
BRDA:342,43,1,0
BRDA:346,44,0,0
BRDA:346,44,1,0
BRDA:346,45,0,0
BRDA:346,45,1,0
BRDA:347,46,0,0
BRDA:347,46,1,0
BRDA:355,47,0,0
BRDA:355,47,1,0
BRDA:357,48,0,0
BRDA:357,48,1,0
BRDA:367,49,0,0
BRDA:367,49,1,0
BRDA:368,50,0,0
BRDA:368,50,1,0
BRDA:369,51,0,0
BRDA:369,51,1,0
BRDA:369,51,2,0
BRDA:377,52,0,0
BRDA:377,52,1,0
BRDA:382,53,0,0
BRDA:382,53,1,0
BRDA:386,54,0,0
BRDA:386,54,1,0
BRDA:392,55,0,0
BRDA:392,55,1,0
BRDA:393,56,0,0
BRDA:393,56,1,0
BRDA:393,57,0,0
BRDA:393,57,1,0
BRDA:398,58,0,0
BRDA:398,58,1,0
BRDA:416,59,0,0
BRDA:416,59,1,0
BRDA:416,60,0,0
BRDA:416,60,1,0
BRDA:416,60,2,0
BRF:132
BRH:5
end_of_record
TN:
SF:website/server/models/user/index.js
FN:7,_interopRequireDefault
FN:33,(anonymous_2)
FN:37,(anonymous_3)
FNF:3
FNH:2
FNDA:3,_interopRequireDefault
FNDA:1,(anonymous_2)
FNDA:0,(anonymous_3)
DA:1,1
DA:3,1
DA:4,1
DA:6,1
DA:7,3
DA:11,1
DA:17,1
DA:21,1
DA:26,1
DA:28,1
DA:35,1
DA:37,0
LF:12
LH:11
BRDA:7,0,0,5
BRDA:7,0,1,4
BRF:2
BRH:2
end_of_record
TN:
SF:website/server/models/user/methods.js
FN:26,_getRequireWildcardCache
FN:30,isSubscribed
FN:37,hasNotCancelled
FN:42,hasCancelled
FN:48,getUserGroups
FN:62,(anonymous_8)
FN:65,(anonymous_9)
FN:66,(anonymous_10)
FN:71,(anonymous_11)
FN:79,(anonymous_12)
FN:89,(anonymous_13)
FN:92,getObjectionsToInteraction
FN:103,(anonymous_15)
FN:122,sendMessage
FN:196,addUserNotification
FN:218,pushNotification
FN:242,addAchievement
FN:264,addAchievementUpdate
FN:291,transformJSONUser
FN:302,checkNewStuff
FN:309,addComputedStatsToUserJSONObj
FN:343,cancelSubscription
FN:359,getUtcOffset
FN:363,daysUserHasMissed
FN:470,getUserGroupData
FN:486,canObtainGems
FN:497,(anonymous_29)
FN:500,isMemberOfGroupPlan
FN:503,(anonymous_31)
FN:506,teamsLed
FN:510,(anonymous_33)
FN:511,(anonymous_34)
FN:514,(anonymous_35)
FN:521,isAdmin
FN:525,isNewsPoster
FN:529,hasPermission
FN:535,userToJSONWithInbox
FN:548,getSecretData
FN:554,getFlagData
FN:560,updateBalance
FN:592,updateHourglasses
FNF:41
FNH:2
FNDA:8,_getRequireWildcardCache
FNDA:0,isSubscribed
FNDA:0,hasNotCancelled
FNDA:0,hasCancelled
FNDA:0,getUserGroups
FNDA:0,(anonymous_8)
FNDA:0,(anonymous_9)
FNDA:0,(anonymous_10)
FNDA:0,(anonymous_11)
FNDA:0,(anonymous_12)
FNDA:4,(anonymous_13)
FNDA:0,getObjectionsToInteraction
FNDA:0,(anonymous_15)
FNDA:0,sendMessage
FNDA:0,addUserNotification
FNDA:0,pushNotification
FNDA:0,addAchievement
FNDA:0,addAchievementUpdate
FNDA:0,transformJSONUser
FNDA:0,checkNewStuff
FNDA:0,addComputedStatsToUserJSONObj
FNDA:0,cancelSubscription
FNDA:0,getUtcOffset
FNDA:0,daysUserHasMissed
FNDA:0,getUserGroupData
FNDA:0,canObtainGems
FNDA:0,(anonymous_29)
FNDA:0,isMemberOfGroupPlan
FNDA:0,(anonymous_31)
FNDA:0,teamsLed
FNDA:0,(anonymous_33)
FNDA:0,(anonymous_34)
FNDA:0,(anonymous_35)
FNDA:0,isAdmin
FNDA:0,isNewsPoster
FNDA:0,hasPermission
FNDA:0,userToJSONWithInbox
FNDA:0,getSecretData
FNDA:0,getFlagData
FNDA:0,updateBalance
FNDA:0,updateHourglasses
DA:1,1
DA:2,1
DA:5,1
DA:7,1
DA:12,1
DA:18,1
DA:19,1
DA:20,1
DA:21,1
DA:22,1
DA:23,1
DA:24,1
DA:25,1
DA:26,9
DA:28,1
DA:30,1
DA:31,0
DA:32,0
DA:33,0
DA:37,1
DA:38,0
DA:39,0
DA:42,1
DA:43,0
DA:44,0
DA:48,1
DA:49,0
DA:50,0
DA:51,0
DA:52,0
DA:57,1
DA:62,0
DA:65,0
DA:66,0
DA:71,0
DA:79,0
DA:88,1
DA:89,4
DA:92,1
DA:93,0
DA:94,0
DA:97,0
DA:98,0
DA:103,0
DA:105,0
DA:122,1
DA:123,0
DA:124,0
DA:126,0
DA:128,0
DA:131,0
DA:132,0
DA:134,0
DA:135,0
DA:159,0
DA:164,0
DA:165,0
DA:169,0
DA:170,0
DA:173,0
DA:174,0
DA:176,0
DA:177,0
DA:178,0
DA:181,0
DA:183,0
DA:196,1
DA:197,0
DA:218,1
DA:224,0
DA:226,0
DA:227,0
DA:228,0
DA:231,0
DA:242,1
DA:243,0
DA:244,0
DA:246,0
DA:248,0
DA:264,1
DA:265,0
DA:266,0
DA:268,0
DA:276,0
DA:277,0
DA:279,0
DA:291,1
DA:293,0
DA:296,0
DA:298,0
DA:302,1
DA:303,0
DA:304,0
DA:309,1
DA:316,0
DA:317,0
DA:318,0
DA:320,0
DA:343,1
DA:344,0
DA:346,0
DA:347,0
DA:348,0
DA:349,0
DA:350,0
DA:351,0
DA:352,0
DA:356,0
DA:359,1
DA:360,0
DA:363,1
DA:368,0
DA:369,0
DA:373,0
DA:374,0
DA:379,0
DA:382,0
DA:383,0
DA:386,0
DA:387,0
DA:388,0
DA:391,0
DA:393,0
DA:395,0
DA:396,0
DA:397,0
DA:402,0
DA:403,0
DA:408,0
DA:414,0
DA:417,0
DA:419,0
DA:428,0
DA:439,0
DA:440,0
DA:443,0
DA:448,0
DA:452,0
DA:454,0
DA:455,0
DA:467,0
DA:471,0
DA:473,0
DA:480,0
DA:486,1
DA:487,0
DA:488,0
DA:490,0
DA:491,0
DA:494,0
DA:496,0
DA:497,0
DA:500,1
DA:501,0
DA:503,0
DA:506,1
DA:507,0
DA:508,0
DA:510,0
DA:511,0
DA:513,0
DA:514,0
DA:515,0
DA:518,0
DA:521,1
DA:522,0
DA:525,1
DA:526,0
DA:529,1
DA:530,0
DA:535,1
DA:536,0
DA:537,0
DA:539,0
DA:540,0
DA:545,0
DA:548,1
DA:549,0
DA:551,0
DA:554,1
DA:555,0
DA:557,0
DA:560,1
DA:566,0
DA:568,0
DA:570,0
DA:575,0
DA:576,0
DA:577,0
DA:581,0
DA:592,1
DA:598,0
DA:600,0
LF:193
LH:45
BRDA:26,0,0,14
BRDA:26,0,1,8
BRDA:26,1,0,1
BRDA:26,1,1,1
BRDA:26,1,2,1
BRDA:33,2,0,0
BRDA:33,2,1,0
BRDA:33,2,2,0
BRDA:33,2,3,0
BRDA:39,3,0,0
BRDA:39,3,1,0
BRDA:44,4,0,0
BRDA:44,4,1,0
BRDA:50,5,0,0
BRDA:50,5,1,0
BRDA:62,6,0,0
BRDA:62,6,1,0
BRDA:65,7,0,0
BRDA:65,7,1,0
BRDA:66,8,0,0
BRDA:66,8,1,0
BRDA:71,9,0,0
BRDA:71,9,1,0
BRDA:79,10,0,0
BRDA:79,10,1,0
BRDA:93,11,0,0
BRDA:93,11,1,0
BRDA:124,12,0,0
BRDA:124,12,1,0
BRDA:164,13,0,0
BRDA:164,13,1,0
BRDA:174,14,0,0
BRDA:174,14,1,0
BRDA:176,15,0,0
BRDA:176,15,1,0
BRDA:178,16,0,0
BRDA:178,16,1,0
BRDA:183,17,0,0
BRDA:183,17,1,0
BRDA:196,18,0,0
BRDA:196,19,0,0
BRDA:221,20,0,0
BRDA:222,21,0,0
BRDA:227,22,0,0
BRDA:227,22,1,0
BRDA:244,23,0,0
BRDA:244,23,1,0
BRDA:266,24,0,0
BRDA:266,24,1,0
BRDA:277,25,0,0
BRDA:277,25,1,0
BRDA:291,26,0,0
BRDA:296,27,0,0
BRDA:296,27,1,0
BRDA:298,28,0,0
BRDA:298,28,1,0
BRDA:304,29,0,0
BRDA:304,29,1,0
BRDA:304,29,2,0
BRDA:343,30,0,0
BRDA:347,31,0,0
BRDA:347,31,1,0
BRDA:349,32,0,0
BRDA:349,32,1,0
BRDA:351,33,0,0
BRDA:351,33,1,0
BRDA:363,34,0,0
BRDA:369,35,0,0
BRDA:369,35,1,0
BRDA:373,36,0,0
BRDA:373,36,1,0
BRDA:374,37,0,0
BRDA:374,37,1,0
BRDA:379,38,0,0
BRDA:379,38,1,0
BRDA:387,39,0,0
BRDA:387,39,1,0
BRDA:393,40,0,0
BRDA:393,40,1,0
BRDA:395,41,0,0
BRDA:395,41,1,0
BRDA:408,42,0,0
BRDA:408,42,1,0
BRDA:414,43,0,0
BRDA:414,43,1,0
BRDA:414,44,0,0
BRDA:414,44,1,0
BRDA:419,45,0,0
BRDA:419,45,1,0
BRDA:428,46,0,0
BRDA:428,46,1,0
BRDA:454,47,0,0
BRDA:454,47,1,0
BRDA:490,48,0,0
BRDA:490,48,1,0
BRDA:490,49,0,0
BRDA:490,49,1,0
BRDA:497,50,0,0
BRDA:497,50,1,0
BRDA:497,50,2,0
BRDA:522,51,0,0
BRDA:522,51,1,0
BRDA:530,52,0,0
BRDA:530,52,1,0
BRDA:530,52,2,0
BRDA:539,53,0,0
BRDA:539,53,1,0
BRDA:568,54,0,0
BRDA:568,54,1,0
BRDA:575,55,0,0
BRDA:575,55,1,0
BRF:111
BRH:5
end_of_record
TN:
SF:website/server/models/user/schema.js
FN:11,_interopRequireDefault
FN:26,(anonymous_1)
FN:30,(anonymous_2)
FN:32,(anonymous_3)
FN:37,(anonymous_4)
FN:40,(anonymous_5)
FN:43,(anonymous_6)
FN:98,(anonymous_7)
FN:208,(anonymous_8)
FN:212,(anonymous_9)
FN:216,(anonymous_10)
FN:220,(anonymous_11)
FN:226,(anonymous_12)
FN:292,(anonymous_13)
FN:327,(anonymous_14)
FN:384,(anonymous_15)
FN:394,(anonymous_16)
FN:403,(anonymous_17)
FN:412,(anonymous_18)
FN:422,(anonymous_19)
FN:432,(anonymous_20)
FN:449,(anonymous_21)
FN:452,(anonymous_22)
FN:459,(anonymous_23)
FN:465,(anonymous_24)
FN:472,(anonymous_25)
FN:482,(anonymous_26)
FN:490,(anonymous_27)
FN:493,(anonymous_28)
FN:503,(anonymous_29)
FN:558,(anonymous_30)
FN:610,(anonymous_31)
FN:621,(anonymous_32)
FN:624,(anonymous_33)
FN:686,(anonymous_34)
FN:697,(anonymous_35)
FN:702,(anonymous_36)
FNF:37
FNH:26
FNDA:2,_interopRequireDefault
FNDA:4,(anonymous_1)
FNDA:4,(anonymous_2)
FNDA:4,(anonymous_3)
FNDA:0,(anonymous_4)
FNDA:0,(anonymous_5)
FNDA:0,(anonymous_6)
FNDA:4,(anonymous_7)
FNDA:4,(anonymous_8)
FNDA:4,(anonymous_9)
FNDA:4,(anonymous_10)
FNDA:4,(anonymous_11)
FNDA:4,(anonymous_12)
FNDA:4,(anonymous_13)
FNDA:4,(anonymous_14)
FNDA:4,(anonymous_15)
FNDA:4,(anonymous_16)
FNDA:4,(anonymous_17)
FNDA:4,(anonymous_18)
FNDA:4,(anonymous_19)
FNDA:4,(anonymous_20)
FNDA:4,(anonymous_21)
FNDA:0,(anonymous_22)
FNDA:4,(anonymous_23)
FNDA:4,(anonymous_24)
FNDA:0,(anonymous_25)
FNDA:0,(anonymous_26)
FNDA:0,(anonymous_27)
FNDA:0,(anonymous_28)
FNDA:4,(anonymous_29)
FNDA:4,(anonymous_30)
FNDA:0,(anonymous_31)
FNDA:0,(anonymous_32)
FNDA:0,(anonymous_33)
FNDA:4,(anonymous_34)
FNDA:4,(anonymous_35)
FNDA:4,(anonymous_36)
DA:1,1
DA:2,1
DA:3,1
DA:4,1
DA:7,1
DA:8,1
DA:9,1
DA:10,1
DA:11,2
DA:13,1
DA:16,1
DA:26,4
DA:30,4
DA:32,4
DA:37,0
DA:41,0
DA:43,0
DA:98,4
DA:208,4
DA:212,4
DA:216,4
DA:220,4
DA:226,4
DA:292,4
DA:327,4
DA:384,4
DA:394,4
DA:403,4
DA:412,4
DA:422,4
DA:432,4
DA:449,4
DA:452,0
DA:459,4
DA:465,4
DA:472,0
DA:482,0
DA:490,0
DA:493,0
DA:503,4
DA:558,4
DA:610,0
DA:622,0
DA:623,0
DA:624,0
DA:625,0
DA:686,4
DA:697,4
DA:702,4
DA:733,1
LF:50
LH:37
BRDA:11,0,0,3
BRDA:11,0,1,3
BRF:2
BRH:2
end_of_record
